[2022-05-19 13:53:22,645] multiqc                                            [DEBUG  ]  This is MultiQC v1.12
[2022-05-19 13:53:22,645] multiqc                                            [DEBUG  ]  No MultiQC config found: /mnt/IM/conda/lib/python3.9/site-packages/multiqc_config.yaml
[2022-05-19 13:53:22,645] multiqc                                            [DEBUG  ]  No MultiQC config found: /home/leo/.multiqc_config.yaml
[2022-05-19 13:53:22,645] multiqc                                            [DEBUG  ]  No MultiQC config found: multiqc_config.yaml
[2022-05-19 13:53:22,645] multiqc                                            [DEBUG  ]  Command used: /mnt/IM/conda/bin/multiqc -f -o output/qc/h3k4me3 output/qc/h3k4me3
[2022-05-19 13:53:22,882] multiqc                                            [DEBUG  ]  Latest MultiQC version is v1.12
[2022-05-19 13:53:22,882] multiqc                                            [DEBUG  ]  Command     : /mnt/IM/conda/bin/multiqc -f -o output/qc/h3k4me3 output/qc/h3k4me3
[2022-05-19 13:53:22,882] multiqc                                            [DEBUG  ]  Working dir : /mnt/groupMansuy/epibioinfo
[2022-05-19 13:53:22,882] multiqc                                            [DEBUG  ]  Template    : default
[2022-05-19 13:53:22,882] multiqc                                            [DEBUG  ]  Running Python 3.9.10 | packaged by conda-forge | (main, Feb  1 2022, 21:24:11)  [GCC 9.4.0]
[2022-05-19 13:53:22,883] multiqc                                            [DEBUG  ]  Analysing modules: custom_content, ccs, ngsderive, purple, conpair, lima, peddy, somalier, methylQA, mosdepth, phantompeakqualtools, qualimap, preseq, quast, qorts, rna_seqc, rockhopper, rsem, rseqc, busco, bustools, goleft_indexcov, gffcompare, disambiguate, supernova, deeptools, sargasso, verifybamid, mirtrace, happy, mirtop, sambamba, homer, hops, macs2, theta2, snpeff, gatk, htseq, bcftools, featureCounts, fgbio, dragen, dedup, pbmarkdup, damageprofiler, biobambam2, jcvi, mtnucratio, picard, vep, sentieon, prokka, qc3C, nanostat, samblaster, samtools, sexdeterrmine, eigenstratdatabasetools, bamtools, jellyfish, vcftools, longranger, stacks, varscan2, snippy, bbmap, bismark, biscuit, hicexplorer, hicup, hicpro, salmon, kallisto, slamdunk, star, hisat2, tophat, bowtie2, bowtie1, snpsplit, odgi, pangolin, kat, leehom, adapterRemoval, clipandmerge, cutadapt, flexbar, kaiju, kraken, malt, trimmomatic, sickle, skewer, sortmerna, biobloomtools, fastq_screen, afterqc, fastp, fastqc, pychopper, pycoqc, minionqc, multivcfanalyzer, clusterflow, checkqc, bcl2fastq, bclconvert, interop, ivar, flash, seqyclean, optitype, whatshap
[2022-05-19 13:53:22,883] multiqc                                            [DEBUG  ]  Using temporary directory for creating report: /tmp/tmpvocpkr94
[2022-05-19 13:53:23,035] multiqc                                            [INFO   ]  Search path : /mnt/groupMansuy/epibioinfo/output/qc/h3k4me3
[2022-05-19 13:53:23,041] multiqc                                            [DEBUG  ]  Ignoring directory as matched fn_ignore_dirs: output/qc/h3k4me3/multiqc_data
[2022-05-19 13:53:23,064] multiqc                                            [DEBUG  ]  File ignored by ccs/v4 because it exceeded search pattern filesize limit: ENCFF002AME_fastqc.html
[2022-05-19 13:53:23,065] multiqc                                            [DEBUG  ]  File ignored by hicexplorer because it exceeded search pattern filesize limit: ENCFF002AME_fastqc.html
[2022-05-19 13:53:23,065] multiqc                                            [DEBUG  ]  File ignored by lima/summary because it exceeded search pattern filesize limit: ENCFF002AME_fastqc.html
[2022-05-19 13:53:23,067] multiqc                                            [DEBUG  ]  File ignored by vep/vep_txt because it exceeded search pattern filesize limit: ENCFF002AME_fastqc.html
[2022-05-19 13:53:23,067] multiqc                                            [DEBUG  ]  File ignored by longranger/invocation because it exceeded search pattern filesize limit: ENCFF002AME_fastqc.html
[2022-05-19 13:53:23,067] multiqc                                            [DEBUG  ]  File ignored by rockhopper because it exceeded search pattern filesize limit: ENCFF002AME_fastqc.html
[2022-05-19 13:53:23,067] multiqc                                            [DEBUG  ]  File ignored by rseqc/bam_stat because it exceeded search pattern filesize limit: ENCFF002AME_fastqc.html
[2022-05-19 13:53:23,067] multiqc                                            [DEBUG  ]  File ignored by rseqc/junction_annotation because it exceeded search pattern filesize limit: ENCFF002AME_fastqc.html
[2022-05-19 13:53:23,067] multiqc                                            [DEBUG  ]  File ignored by rseqc/read_distribution because it exceeded search pattern filesize limit: ENCFF002AME_fastqc.html
[2022-05-19 13:53:23,068] multiqc                                            [DEBUG  ]  File ignored by rseqc/infer_experiment because it exceeded search pattern filesize limit: ENCFF002AME_fastqc.html
[2022-05-19 13:53:23,094] multiqc                                            [DEBUG  ]  File ignored by nanostat because it exceeded search pattern filesize limit: ENCFF002AME_fastqc.html
[2022-05-19 13:53:23,099] multiqc                                            [DEBUG  ]  File ignored by ccs/v4 because it exceeded search pattern filesize limit: multiqc_report.html
[2022-05-19 13:53:23,099] multiqc                                            [DEBUG  ]  File ignored by hicexplorer because it exceeded search pattern filesize limit: multiqc_report.html
[2022-05-19 13:53:23,099] multiqc                                            [DEBUG  ]  File ignored by lima/summary because it exceeded search pattern filesize limit: multiqc_report.html
[2022-05-19 13:53:23,102] multiqc                                            [DEBUG  ]  File ignored by vep/vep_html because it exceeded search pattern filesize limit: multiqc_report.html
[2022-05-19 13:53:23,102] multiqc                                            [DEBUG  ]  File ignored by vep/vep_txt because it exceeded search pattern filesize limit: multiqc_report.html
[2022-05-19 13:53:23,102] multiqc                                            [DEBUG  ]  File ignored by longranger/invocation because it exceeded search pattern filesize limit: multiqc_report.html
[2022-05-19 13:53:23,102] multiqc                                            [DEBUG  ]  File ignored by rockhopper because it exceeded search pattern filesize limit: multiqc_report.html
[2022-05-19 13:53:23,102] multiqc                                            [DEBUG  ]  File ignored by rseqc/bam_stat because it exceeded search pattern filesize limit: multiqc_report.html
[2022-05-19 13:53:23,102] multiqc                                            [DEBUG  ]  File ignored by rseqc/junction_annotation because it exceeded search pattern filesize limit: multiqc_report.html
[2022-05-19 13:53:23,102] multiqc                                            [DEBUG  ]  File ignored by rseqc/read_distribution because it exceeded search pattern filesize limit: multiqc_report.html
[2022-05-19 13:53:23,102] multiqc                                            [DEBUG  ]  File ignored by rseqc/infer_experiment because it exceeded search pattern filesize limit: multiqc_report.html
[2022-05-19 13:53:23,106] multiqc                                            [DEBUG  ]  File ignored by stacks/sumstats because it exceeded search pattern filesize limit: multiqc_report.html
[2022-05-19 13:53:23,281] multiqc                                            [DEBUG  ]  File ignored by nanostat because it exceeded search pattern filesize limit: multiqc_report.html
[2022-05-19 13:53:23,293] multiqc                                            [DEBUG  ]  File ignored by ccs/v4 because it exceeded search pattern filesize limit: ENCFF002BWS_fastqc.html
[2022-05-19 13:53:23,294] multiqc                                            [DEBUG  ]  File ignored by hicexplorer because it exceeded search pattern filesize limit: ENCFF002BWS_fastqc.html
[2022-05-19 13:53:23,294] multiqc                                            [DEBUG  ]  File ignored by lima/summary because it exceeded search pattern filesize limit: ENCFF002BWS_fastqc.html
[2022-05-19 13:53:23,295] multiqc                                            [DEBUG  ]  File ignored by vep/vep_txt because it exceeded search pattern filesize limit: ENCFF002BWS_fastqc.html
[2022-05-19 13:53:23,295] multiqc                                            [DEBUG  ]  File ignored by longranger/invocation because it exceeded search pattern filesize limit: ENCFF002BWS_fastqc.html
[2022-05-19 13:53:23,295] multiqc                                            [DEBUG  ]  File ignored by rockhopper because it exceeded search pattern filesize limit: ENCFF002BWS_fastqc.html
[2022-05-19 13:53:23,295] multiqc                                            [DEBUG  ]  File ignored by rseqc/bam_stat because it exceeded search pattern filesize limit: ENCFF002BWS_fastqc.html
[2022-05-19 13:53:23,295] multiqc                                            [DEBUG  ]  File ignored by rseqc/junction_annotation because it exceeded search pattern filesize limit: ENCFF002BWS_fastqc.html
[2022-05-19 13:53:23,295] multiqc                                            [DEBUG  ]  File ignored by rseqc/read_distribution because it exceeded search pattern filesize limit: ENCFF002BWS_fastqc.html
[2022-05-19 13:53:23,295] multiqc                                            [DEBUG  ]  File ignored by rseqc/infer_experiment because it exceeded search pattern filesize limit: ENCFF002BWS_fastqc.html
[2022-05-19 13:53:23,320] multiqc                                            [DEBUG  ]  File ignored by nanostat because it exceeded search pattern filesize limit: ENCFF002BWS_fastqc.html
[2022-05-19 13:53:23,325] multiqc                                            [DEBUG  ]  File ignored by ccs/v4 because it exceeded search pattern filesize limit: ENCFF002BWU_fastqc.html
[2022-05-19 13:53:23,326] multiqc                                            [DEBUG  ]  File ignored by hicexplorer because it exceeded search pattern filesize limit: ENCFF002BWU_fastqc.html
[2022-05-19 13:53:23,326] multiqc                                            [DEBUG  ]  File ignored by lima/summary because it exceeded search pattern filesize limit: ENCFF002BWU_fastqc.html
[2022-05-19 13:53:23,327] multiqc                                            [DEBUG  ]  File ignored by vep/vep_txt because it exceeded search pattern filesize limit: ENCFF002BWU_fastqc.html
[2022-05-19 13:53:23,327] multiqc                                            [DEBUG  ]  File ignored by longranger/invocation because it exceeded search pattern filesize limit: ENCFF002BWU_fastqc.html
[2022-05-19 13:53:23,327] multiqc                                            [DEBUG  ]  File ignored by rockhopper because it exceeded search pattern filesize limit: ENCFF002BWU_fastqc.html
[2022-05-19 13:53:23,327] multiqc                                            [DEBUG  ]  File ignored by rseqc/bam_stat because it exceeded search pattern filesize limit: ENCFF002BWU_fastqc.html
[2022-05-19 13:53:23,327] multiqc                                            [DEBUG  ]  File ignored by rseqc/junction_annotation because it exceeded search pattern filesize limit: ENCFF002BWU_fastqc.html
[2022-05-19 13:53:23,327] multiqc                                            [DEBUG  ]  File ignored by rseqc/read_distribution because it exceeded search pattern filesize limit: ENCFF002BWU_fastqc.html
[2022-05-19 13:53:23,327] multiqc                                            [DEBUG  ]  File ignored by rseqc/infer_experiment because it exceeded search pattern filesize limit: ENCFF002BWU_fastqc.html
[2022-05-19 13:53:23,354] multiqc                                            [DEBUG  ]  File ignored by nanostat because it exceeded search pattern filesize limit: ENCFF002BWU_fastqc.html
[2022-05-19 13:53:23,358] multiqc                                            [DEBUG  ]  File ignored by ccs/v4 because it exceeded search pattern filesize limit: ENCFF001ZTX_fastqc.html
[2022-05-19 13:53:23,359] multiqc                                            [DEBUG  ]  File ignored by hicexplorer because it exceeded search pattern filesize limit: ENCFF001ZTX_fastqc.html
[2022-05-19 13:53:23,359] multiqc                                            [DEBUG  ]  File ignored by lima/summary because it exceeded search pattern filesize limit: ENCFF001ZTX_fastqc.html
[2022-05-19 13:53:23,360] multiqc                                            [DEBUG  ]  File ignored by vep/vep_txt because it exceeded search pattern filesize limit: ENCFF001ZTX_fastqc.html
[2022-05-19 13:53:23,360] multiqc                                            [DEBUG  ]  File ignored by longranger/invocation because it exceeded search pattern filesize limit: ENCFF001ZTX_fastqc.html
[2022-05-19 13:53:23,360] multiqc                                            [DEBUG  ]  File ignored by rockhopper because it exceeded search pattern filesize limit: ENCFF001ZTX_fastqc.html
[2022-05-19 13:53:23,360] multiqc                                            [DEBUG  ]  File ignored by rseqc/bam_stat because it exceeded search pattern filesize limit: ENCFF001ZTX_fastqc.html
[2022-05-19 13:53:23,360] multiqc                                            [DEBUG  ]  File ignored by rseqc/junction_annotation because it exceeded search pattern filesize limit: ENCFF001ZTX_fastqc.html
[2022-05-19 13:53:23,360] multiqc                                            [DEBUG  ]  File ignored by rseqc/read_distribution because it exceeded search pattern filesize limit: ENCFF001ZTX_fastqc.html
[2022-05-19 13:53:23,360] multiqc                                            [DEBUG  ]  File ignored by rseqc/infer_experiment because it exceeded search pattern filesize limit: ENCFF001ZTX_fastqc.html
[2022-05-19 13:53:23,383] multiqc                                            [DEBUG  ]  File ignored by nanostat because it exceeded search pattern filesize limit: ENCFF001ZTX_fastqc.html
[2022-05-19 13:53:23,387] multiqc                                            [DEBUG  ]  File ignored by ccs/v4 because it exceeded search pattern filesize limit: ENCFF002AMD_fastqc.html
[2022-05-19 13:53:23,387] multiqc                                            [DEBUG  ]  File ignored by hicexplorer because it exceeded search pattern filesize limit: ENCFF002AMD_fastqc.html
[2022-05-19 13:53:23,387] multiqc                                            [DEBUG  ]  File ignored by lima/summary because it exceeded search pattern filesize limit: ENCFF002AMD_fastqc.html
[2022-05-19 13:53:23,388] multiqc                                            [DEBUG  ]  File ignored by vep/vep_txt because it exceeded search pattern filesize limit: ENCFF002AMD_fastqc.html
[2022-05-19 13:53:23,388] multiqc                                            [DEBUG  ]  File ignored by longranger/invocation because it exceeded search pattern filesize limit: ENCFF002AMD_fastqc.html
[2022-05-19 13:53:23,388] multiqc                                            [DEBUG  ]  File ignored by rockhopper because it exceeded search pattern filesize limit: ENCFF002AMD_fastqc.html
[2022-05-19 13:53:23,389] multiqc                                            [DEBUG  ]  File ignored by rseqc/bam_stat because it exceeded search pattern filesize limit: ENCFF002AMD_fastqc.html
[2022-05-19 13:53:23,389] multiqc                                            [DEBUG  ]  File ignored by rseqc/junction_annotation because it exceeded search pattern filesize limit: ENCFF002AMD_fastqc.html
[2022-05-19 13:53:23,389] multiqc                                            [DEBUG  ]  File ignored by rseqc/read_distribution because it exceeded search pattern filesize limit: ENCFF002AMD_fastqc.html
[2022-05-19 13:53:23,389] multiqc                                            [DEBUG  ]  File ignored by rseqc/infer_experiment because it exceeded search pattern filesize limit: ENCFF002AMD_fastqc.html
[2022-05-19 13:53:23,412] multiqc                                            [DEBUG  ]  File ignored by nanostat because it exceeded search pattern filesize limit: ENCFF002AMD_fastqc.html
[2022-05-19 13:53:23,416] multiqc                                            [DEBUG  ]  File ignored by ccs/v4 because it exceeded search pattern filesize limit: ENCFF212KTV_fastqc.html
[2022-05-19 13:53:23,417] multiqc                                            [DEBUG  ]  File ignored by hicexplorer because it exceeded search pattern filesize limit: ENCFF212KTV_fastqc.html
[2022-05-19 13:53:23,417] multiqc                                            [DEBUG  ]  File ignored by lima/summary because it exceeded search pattern filesize limit: ENCFF212KTV_fastqc.html
[2022-05-19 13:53:23,418] multiqc                                            [DEBUG  ]  File ignored by vep/vep_txt because it exceeded search pattern filesize limit: ENCFF212KTV_fastqc.html
[2022-05-19 13:53:23,418] multiqc                                            [DEBUG  ]  File ignored by longranger/invocation because it exceeded search pattern filesize limit: ENCFF212KTV_fastqc.html
[2022-05-19 13:53:23,418] multiqc                                            [DEBUG  ]  File ignored by rockhopper because it exceeded search pattern filesize limit: ENCFF212KTV_fastqc.html
[2022-05-19 13:53:23,418] multiqc                                            [DEBUG  ]  File ignored by rseqc/bam_stat because it exceeded search pattern filesize limit: ENCFF212KTV_fastqc.html
[2022-05-19 13:53:23,418] multiqc                                            [DEBUG  ]  File ignored by rseqc/junction_annotation because it exceeded search pattern filesize limit: ENCFF212KTV_fastqc.html
[2022-05-19 13:53:23,418] multiqc                                            [DEBUG  ]  File ignored by rseqc/read_distribution because it exceeded search pattern filesize limit: ENCFF212KTV_fastqc.html
[2022-05-19 13:53:23,418] multiqc                                            [DEBUG  ]  File ignored by rseqc/infer_experiment because it exceeded search pattern filesize limit: ENCFF212KTV_fastqc.html
[2022-05-19 13:53:23,442] multiqc                                            [DEBUG  ]  File ignored by nanostat because it exceeded search pattern filesize limit: ENCFF212KTV_fastqc.html
[2022-05-19 13:53:23,447] multiqc                                            [DEBUG  ]  File ignored by ccs/v4 because it exceeded search pattern filesize limit: ENCFF470QWO_fastqc.html
[2022-05-19 13:53:23,448] multiqc                                            [DEBUG  ]  File ignored by hicexplorer because it exceeded search pattern filesize limit: ENCFF470QWO_fastqc.html
[2022-05-19 13:53:23,448] multiqc                                            [DEBUG  ]  File ignored by lima/summary because it exceeded search pattern filesize limit: ENCFF470QWO_fastqc.html
[2022-05-19 13:53:23,449] multiqc                                            [DEBUG  ]  File ignored by vep/vep_txt because it exceeded search pattern filesize limit: ENCFF470QWO_fastqc.html
[2022-05-19 13:53:23,449] multiqc                                            [DEBUG  ]  File ignored by longranger/invocation because it exceeded search pattern filesize limit: ENCFF470QWO_fastqc.html
[2022-05-19 13:53:23,449] multiqc                                            [DEBUG  ]  File ignored by rockhopper because it exceeded search pattern filesize limit: ENCFF470QWO_fastqc.html
[2022-05-19 13:53:23,449] multiqc                                            [DEBUG  ]  File ignored by rseqc/bam_stat because it exceeded search pattern filesize limit: ENCFF470QWO_fastqc.html
[2022-05-19 13:53:23,449] multiqc                                            [DEBUG  ]  File ignored by rseqc/junction_annotation because it exceeded search pattern filesize limit: ENCFF470QWO_fastqc.html
[2022-05-19 13:53:23,449] multiqc                                            [DEBUG  ]  File ignored by rseqc/read_distribution because it exceeded search pattern filesize limit: ENCFF470QWO_fastqc.html
[2022-05-19 13:53:23,449] multiqc                                            [DEBUG  ]  File ignored by rseqc/infer_experiment because it exceeded search pattern filesize limit: ENCFF470QWO_fastqc.html
[2022-05-19 13:53:23,479] multiqc                                            [DEBUG  ]  File ignored by nanostat because it exceeded search pattern filesize limit: ENCFF470QWO_fastqc.html
[2022-05-19 13:53:23,483] multiqc                                            [DEBUG  ]  File ignored by ccs/v4 because it exceeded search pattern filesize limit: ENCFF232IYQ_fastqc.html
[2022-05-19 13:53:23,483] multiqc                                            [DEBUG  ]  File ignored by hicexplorer because it exceeded search pattern filesize limit: ENCFF232IYQ_fastqc.html
[2022-05-19 13:53:23,483] multiqc                                            [DEBUG  ]  File ignored by lima/summary because it exceeded search pattern filesize limit: ENCFF232IYQ_fastqc.html
[2022-05-19 13:53:23,484] multiqc                                            [DEBUG  ]  File ignored by vep/vep_txt because it exceeded search pattern filesize limit: ENCFF232IYQ_fastqc.html
[2022-05-19 13:53:23,484] multiqc                                            [DEBUG  ]  File ignored by longranger/invocation because it exceeded search pattern filesize limit: ENCFF232IYQ_fastqc.html
[2022-05-19 13:53:23,484] multiqc                                            [DEBUG  ]  File ignored by rockhopper because it exceeded search pattern filesize limit: ENCFF232IYQ_fastqc.html
[2022-05-19 13:53:23,484] multiqc                                            [DEBUG  ]  File ignored by rseqc/bam_stat because it exceeded search pattern filesize limit: ENCFF232IYQ_fastqc.html
[2022-05-19 13:53:23,484] multiqc                                            [DEBUG  ]  File ignored by rseqc/junction_annotation because it exceeded search pattern filesize limit: ENCFF232IYQ_fastqc.html
[2022-05-19 13:53:23,484] multiqc                                            [DEBUG  ]  File ignored by rseqc/read_distribution because it exceeded search pattern filesize limit: ENCFF232IYQ_fastqc.html
[2022-05-19 13:53:23,484] multiqc                                            [DEBUG  ]  File ignored by rseqc/infer_experiment because it exceeded search pattern filesize limit: ENCFF232IYQ_fastqc.html
[2022-05-19 13:53:23,511] multiqc                                            [DEBUG  ]  File ignored by nanostat because it exceeded search pattern filesize limit: ENCFF232IYQ_fastqc.html
[2022-05-19 13:53:23,514] multiqc                                            [DEBUG  ]  File ignored by ccs/v4 because it exceeded search pattern filesize limit: ENCFF596BNN_fastqc.html
[2022-05-19 13:53:23,515] multiqc                                            [DEBUG  ]  File ignored by hicexplorer because it exceeded search pattern filesize limit: ENCFF596BNN_fastqc.html
[2022-05-19 13:53:23,515] multiqc                                            [DEBUG  ]  File ignored by lima/summary because it exceeded search pattern filesize limit: ENCFF596BNN_fastqc.html
[2022-05-19 13:53:23,516] multiqc                                            [DEBUG  ]  File ignored by vep/vep_txt because it exceeded search pattern filesize limit: ENCFF596BNN_fastqc.html
[2022-05-19 13:53:23,516] multiqc                                            [DEBUG  ]  File ignored by longranger/invocation because it exceeded search pattern filesize limit: ENCFF596BNN_fastqc.html
[2022-05-19 13:53:23,516] multiqc                                            [DEBUG  ]  File ignored by rockhopper because it exceeded search pattern filesize limit: ENCFF596BNN_fastqc.html
[2022-05-19 13:53:23,516] multiqc                                            [DEBUG  ]  File ignored by rseqc/bam_stat because it exceeded search pattern filesize limit: ENCFF596BNN_fastqc.html
[2022-05-19 13:53:23,516] multiqc                                            [DEBUG  ]  File ignored by rseqc/junction_annotation because it exceeded search pattern filesize limit: ENCFF596BNN_fastqc.html
[2022-05-19 13:53:23,516] multiqc                                            [DEBUG  ]  File ignored by rseqc/read_distribution because it exceeded search pattern filesize limit: ENCFF596BNN_fastqc.html
[2022-05-19 13:53:23,516] multiqc                                            [DEBUG  ]  File ignored by rseqc/infer_experiment because it exceeded search pattern filesize limit: ENCFF596BNN_fastqc.html
[2022-05-19 13:53:23,541] multiqc                                            [DEBUG  ]  File ignored by nanostat because it exceeded search pattern filesize limit: ENCFF596BNN_fastqc.html
[2022-05-19 13:53:23,544] multiqc                                            [DEBUG  ]  File ignored by ccs/v4 because it exceeded search pattern filesize limit: ENCFF403SQM_fastqc.html
[2022-05-19 13:53:23,545] multiqc                                            [DEBUG  ]  File ignored by hicexplorer because it exceeded search pattern filesize limit: ENCFF403SQM_fastqc.html
[2022-05-19 13:53:23,545] multiqc                                            [DEBUG  ]  File ignored by lima/summary because it exceeded search pattern filesize limit: ENCFF403SQM_fastqc.html
[2022-05-19 13:53:23,546] multiqc                                            [DEBUG  ]  File ignored by vep/vep_txt because it exceeded search pattern filesize limit: ENCFF403SQM_fastqc.html
[2022-05-19 13:53:23,546] multiqc                                            [DEBUG  ]  File ignored by longranger/invocation because it exceeded search pattern filesize limit: ENCFF403SQM_fastqc.html
[2022-05-19 13:53:23,546] multiqc                                            [DEBUG  ]  File ignored by rockhopper because it exceeded search pattern filesize limit: ENCFF403SQM_fastqc.html
[2022-05-19 13:53:23,546] multiqc                                            [DEBUG  ]  File ignored by rseqc/bam_stat because it exceeded search pattern filesize limit: ENCFF403SQM_fastqc.html
[2022-05-19 13:53:23,546] multiqc                                            [DEBUG  ]  File ignored by rseqc/junction_annotation because it exceeded search pattern filesize limit: ENCFF403SQM_fastqc.html
[2022-05-19 13:53:23,546] multiqc                                            [DEBUG  ]  File ignored by rseqc/read_distribution because it exceeded search pattern filesize limit: ENCFF403SQM_fastqc.html
[2022-05-19 13:53:23,546] multiqc                                            [DEBUG  ]  File ignored by rseqc/infer_experiment because it exceeded search pattern filesize limit: ENCFF403SQM_fastqc.html
[2022-05-19 13:53:23,575] multiqc                                            [DEBUG  ]  File ignored by nanostat because it exceeded search pattern filesize limit: ENCFF403SQM_fastqc.html
[2022-05-19 13:53:23,579] multiqc                                            [DEBUG  ]  File ignored by ccs/v4 because it exceeded search pattern filesize limit: ENCFF053SSJ_fastqc.html
[2022-05-19 13:53:23,579] multiqc                                            [DEBUG  ]  File ignored by hicexplorer because it exceeded search pattern filesize limit: ENCFF053SSJ_fastqc.html
[2022-05-19 13:53:23,580] multiqc                                            [DEBUG  ]  File ignored by lima/summary because it exceeded search pattern filesize limit: ENCFF053SSJ_fastqc.html
[2022-05-19 13:53:23,580] multiqc                                            [DEBUG  ]  File ignored by vep/vep_txt because it exceeded search pattern filesize limit: ENCFF053SSJ_fastqc.html
[2022-05-19 13:53:23,581] multiqc                                            [DEBUG  ]  File ignored by longranger/invocation because it exceeded search pattern filesize limit: ENCFF053SSJ_fastqc.html
[2022-05-19 13:53:23,581] multiqc                                            [DEBUG  ]  File ignored by rockhopper because it exceeded search pattern filesize limit: ENCFF053SSJ_fastqc.html
[2022-05-19 13:53:23,581] multiqc                                            [DEBUG  ]  File ignored by rseqc/bam_stat because it exceeded search pattern filesize limit: ENCFF053SSJ_fastqc.html
[2022-05-19 13:53:23,581] multiqc                                            [DEBUG  ]  File ignored by rseqc/junction_annotation because it exceeded search pattern filesize limit: ENCFF053SSJ_fastqc.html
[2022-05-19 13:53:23,581] multiqc                                            [DEBUG  ]  File ignored by rseqc/read_distribution because it exceeded search pattern filesize limit: ENCFF053SSJ_fastqc.html
[2022-05-19 13:53:23,581] multiqc                                            [DEBUG  ]  File ignored by rseqc/infer_experiment because it exceeded search pattern filesize limit: ENCFF053SSJ_fastqc.html
[2022-05-19 13:53:23,605] multiqc                                            [DEBUG  ]  File ignored by nanostat because it exceeded search pattern filesize limit: ENCFF053SSJ_fastqc.html
[2022-05-19 13:53:23,609] multiqc                                            [DEBUG  ]  File ignored by ccs/v4 because it exceeded search pattern filesize limit: ENCFF001ZTY_fastqc.html
[2022-05-19 13:53:23,610] multiqc                                            [DEBUG  ]  File ignored by hicexplorer because it exceeded search pattern filesize limit: ENCFF001ZTY_fastqc.html
[2022-05-19 13:53:23,610] multiqc                                            [DEBUG  ]  File ignored by lima/summary because it exceeded search pattern filesize limit: ENCFF001ZTY_fastqc.html
[2022-05-19 13:53:23,611] multiqc                                            [DEBUG  ]  File ignored by vep/vep_txt because it exceeded search pattern filesize limit: ENCFF001ZTY_fastqc.html
[2022-05-19 13:53:23,611] multiqc                                            [DEBUG  ]  File ignored by longranger/invocation because it exceeded search pattern filesize limit: ENCFF001ZTY_fastqc.html
[2022-05-19 13:53:23,611] multiqc                                            [DEBUG  ]  File ignored by rockhopper because it exceeded search pattern filesize limit: ENCFF001ZTY_fastqc.html
[2022-05-19 13:53:23,611] multiqc                                            [DEBUG  ]  File ignored by rseqc/bam_stat because it exceeded search pattern filesize limit: ENCFF001ZTY_fastqc.html
[2022-05-19 13:53:23,611] multiqc                                            [DEBUG  ]  File ignored by rseqc/junction_annotation because it exceeded search pattern filesize limit: ENCFF001ZTY_fastqc.html
[2022-05-19 13:53:23,611] multiqc                                            [DEBUG  ]  File ignored by rseqc/read_distribution because it exceeded search pattern filesize limit: ENCFF001ZTY_fastqc.html
[2022-05-19 13:53:23,611] multiqc                                            [DEBUG  ]  File ignored by rseqc/infer_experiment because it exceeded search pattern filesize limit: ENCFF001ZTY_fastqc.html
[2022-05-19 13:53:23,635] multiqc                                            [DEBUG  ]  File ignored by nanostat because it exceeded search pattern filesize limit: ENCFF001ZTY_fastqc.html
[2022-05-19 13:53:23,638] multiqc                                            [DEBUG  ]  File ignored by ccs/v4 because it exceeded search pattern filesize limit: ENCFF082LJL_fastqc.html
[2022-05-19 13:53:23,639] multiqc                                            [DEBUG  ]  File ignored by hicexplorer because it exceeded search pattern filesize limit: ENCFF082LJL_fastqc.html
[2022-05-19 13:53:23,639] multiqc                                            [DEBUG  ]  File ignored by lima/summary because it exceeded search pattern filesize limit: ENCFF082LJL_fastqc.html
[2022-05-19 13:53:23,640] multiqc                                            [DEBUG  ]  File ignored by vep/vep_txt because it exceeded search pattern filesize limit: ENCFF082LJL_fastqc.html
[2022-05-19 13:53:23,640] multiqc                                            [DEBUG  ]  File ignored by longranger/invocation because it exceeded search pattern filesize limit: ENCFF082LJL_fastqc.html
[2022-05-19 13:53:23,640] multiqc                                            [DEBUG  ]  File ignored by rockhopper because it exceeded search pattern filesize limit: ENCFF082LJL_fastqc.html
[2022-05-19 13:53:23,640] multiqc                                            [DEBUG  ]  File ignored by rseqc/bam_stat because it exceeded search pattern filesize limit: ENCFF082LJL_fastqc.html
[2022-05-19 13:53:23,640] multiqc                                            [DEBUG  ]  File ignored by rseqc/junction_annotation because it exceeded search pattern filesize limit: ENCFF082LJL_fastqc.html
[2022-05-19 13:53:23,640] multiqc                                            [DEBUG  ]  File ignored by rseqc/read_distribution because it exceeded search pattern filesize limit: ENCFF082LJL_fastqc.html
[2022-05-19 13:53:23,640] multiqc                                            [DEBUG  ]  File ignored by rseqc/infer_experiment because it exceeded search pattern filesize limit: ENCFF082LJL_fastqc.html
[2022-05-19 13:53:23,667] multiqc                                            [DEBUG  ]  File ignored by nanostat because it exceeded search pattern filesize limit: ENCFF082LJL_fastqc.html
[2022-05-19 13:53:23,672] multiqc                                            [DEBUG  ]  File ignored by ccs/v4 because it exceeded search pattern filesize limit: ENCFF898EWU_fastqc.html
[2022-05-19 13:53:23,672] multiqc                                            [DEBUG  ]  File ignored by hicexplorer because it exceeded search pattern filesize limit: ENCFF898EWU_fastqc.html
[2022-05-19 13:53:23,672] multiqc                                            [DEBUG  ]  File ignored by lima/summary because it exceeded search pattern filesize limit: ENCFF898EWU_fastqc.html
[2022-05-19 13:53:23,673] multiqc                                            [DEBUG  ]  File ignored by vep/vep_txt because it exceeded search pattern filesize limit: ENCFF898EWU_fastqc.html
[2022-05-19 13:53:23,673] multiqc                                            [DEBUG  ]  File ignored by longranger/invocation because it exceeded search pattern filesize limit: ENCFF898EWU_fastqc.html
[2022-05-19 13:53:23,673] multiqc                                            [DEBUG  ]  File ignored by rockhopper because it exceeded search pattern filesize limit: ENCFF898EWU_fastqc.html
[2022-05-19 13:53:23,674] multiqc                                            [DEBUG  ]  File ignored by rseqc/bam_stat because it exceeded search pattern filesize limit: ENCFF898EWU_fastqc.html
[2022-05-19 13:53:23,674] multiqc                                            [DEBUG  ]  File ignored by rseqc/junction_annotation because it exceeded search pattern filesize limit: ENCFF898EWU_fastqc.html
[2022-05-19 13:53:23,674] multiqc                                            [DEBUG  ]  File ignored by rseqc/read_distribution because it exceeded search pattern filesize limit: ENCFF898EWU_fastqc.html
[2022-05-19 13:53:23,674] multiqc                                            [DEBUG  ]  File ignored by rseqc/infer_experiment because it exceeded search pattern filesize limit: ENCFF898EWU_fastqc.html
[2022-05-19 13:53:23,701] multiqc                                            [DEBUG  ]  File ignored by nanostat because it exceeded search pattern filesize limit: ENCFF898EWU_fastqc.html
[2022-05-19 13:53:24,228] multiqc.plots.linegraph                            [DEBUG  ]  Using matplotlib version 3.5.1
[2022-05-19 13:53:24,228] multiqc.plots.bargraph                             [DEBUG  ]  Using matplotlib version 3.5.1
[2022-05-19 13:53:24,427] multiqc.modules.fastqc.fastqc                      [INFO   ]  Found 14 reports
[2022-05-19 13:53:24,517] multiqc                                            [INFO   ]  Compressing plot data
[2022-05-19 13:53:24,672] multiqc                                            [WARNING]  Deleting    : output/qc/h3k4me3/multiqc_report.html   (-f was specified)
[2022-05-19 13:53:24,672] multiqc                                            [WARNING]  Deleting    : output/qc/h3k4me3/multiqc_data   (-f was specified)
[2022-05-19 13:53:24,672] multiqc                                            [INFO   ]  Report      : output/qc/h3k4me3/multiqc_report.html
[2022-05-19 13:53:24,673] multiqc                                            [INFO   ]  Data        : output/qc/h3k4me3/multiqc_data
[2022-05-19 13:53:24,673] multiqc                                            [DEBUG  ]  Moving data file from '/tmp/tmpvocpkr94/multiqc_data' to 'output/qc/h3k4me3/multiqc_data'
[2022-05-19 13:53:24,745] multiqc                                            [INFO   ]  MultiQC complete
