[2022-05-19 13:53:25,489] multiqc                                            [DEBUG  ]  This is MultiQC v1.12
[2022-05-19 13:53:25,489] multiqc                                            [DEBUG  ]  No MultiQC config found: /mnt/IM/conda/lib/python3.9/site-packages/multiqc_config.yaml
[2022-05-19 13:53:25,489] multiqc                                            [DEBUG  ]  No MultiQC config found: /home/leo/.multiqc_config.yaml
[2022-05-19 13:53:25,489] multiqc                                            [DEBUG  ]  No MultiQC config found: multiqc_config.yaml
[2022-05-19 13:53:25,489] multiqc                                            [DEBUG  ]  Command used: /mnt/IM/conda/bin/multiqc -f -o output/qc/h3k4me1 output/qc/h3k4me1
[2022-05-19 13:53:25,729] multiqc                                            [DEBUG  ]  Latest MultiQC version is v1.12
[2022-05-19 13:53:25,729] multiqc                                            [DEBUG  ]  Command     : /mnt/IM/conda/bin/multiqc -f -o output/qc/h3k4me1 output/qc/h3k4me1
[2022-05-19 13:53:25,729] multiqc                                            [DEBUG  ]  Working dir : /mnt/groupMansuy/epibioinfo
[2022-05-19 13:53:25,729] multiqc                                            [DEBUG  ]  Template    : default
[2022-05-19 13:53:25,729] multiqc                                            [DEBUG  ]  Running Python 3.9.10 | packaged by conda-forge | (main, Feb  1 2022, 21:24:11)  [GCC 9.4.0]
[2022-05-19 13:53:25,730] multiqc                                            [DEBUG  ]  Analysing modules: custom_content, ccs, ngsderive, purple, conpair, lima, peddy, somalier, methylQA, mosdepth, phantompeakqualtools, qualimap, preseq, quast, qorts, rna_seqc, rockhopper, rsem, rseqc, busco, bustools, goleft_indexcov, gffcompare, disambiguate, supernova, deeptools, sargasso, verifybamid, mirtrace, happy, mirtop, sambamba, homer, hops, macs2, theta2, snpeff, gatk, htseq, bcftools, featureCounts, fgbio, dragen, dedup, pbmarkdup, damageprofiler, biobambam2, jcvi, mtnucratio, picard, vep, sentieon, prokka, qc3C, nanostat, samblaster, samtools, sexdeterrmine, eigenstratdatabasetools, bamtools, jellyfish, vcftools, longranger, stacks, varscan2, snippy, bbmap, bismark, biscuit, hicexplorer, hicup, hicpro, salmon, kallisto, slamdunk, star, hisat2, tophat, bowtie2, bowtie1, snpsplit, odgi, pangolin, kat, leehom, adapterRemoval, clipandmerge, cutadapt, flexbar, kaiju, kraken, malt, trimmomatic, sickle, skewer, sortmerna, biobloomtools, fastq_screen, afterqc, fastp, fastqc, pychopper, pycoqc, minionqc, multivcfanalyzer, clusterflow, checkqc, bcl2fastq, bclconvert, interop, ivar, flash, seqyclean, optitype, whatshap
[2022-05-19 13:53:25,730] multiqc                                            [DEBUG  ]  Using temporary directory for creating report: /tmp/tmpab_bfmrk
[2022-05-19 13:53:25,873] multiqc                                            [INFO   ]  Search path : /mnt/groupMansuy/epibioinfo/output/qc/h3k4me1
[2022-05-19 13:53:25,878] multiqc                                            [DEBUG  ]  Ignoring directory as matched fn_ignore_dirs: output/qc/h3k4me1/multiqc_data
[2022-05-19 13:53:25,900] multiqc                                            [DEBUG  ]  File ignored by ccs/v4 because it exceeded search pattern filesize limit: ENCFF388QNU_fastqc.html
[2022-05-19 13:53:25,901] multiqc                                            [DEBUG  ]  File ignored by hicexplorer because it exceeded search pattern filesize limit: ENCFF388QNU_fastqc.html
[2022-05-19 13:53:25,901] multiqc                                            [DEBUG  ]  File ignored by lima/summary because it exceeded search pattern filesize limit: ENCFF388QNU_fastqc.html
[2022-05-19 13:53:25,903] multiqc                                            [DEBUG  ]  File ignored by vep/vep_txt because it exceeded search pattern filesize limit: ENCFF388QNU_fastqc.html
[2022-05-19 13:53:25,903] multiqc                                            [DEBUG  ]  File ignored by longranger/invocation because it exceeded search pattern filesize limit: ENCFF388QNU_fastqc.html
[2022-05-19 13:53:25,903] multiqc                                            [DEBUG  ]  File ignored by rockhopper because it exceeded search pattern filesize limit: ENCFF388QNU_fastqc.html
[2022-05-19 13:53:25,904] multiqc                                            [DEBUG  ]  File ignored by rseqc/bam_stat because it exceeded search pattern filesize limit: ENCFF388QNU_fastqc.html
[2022-05-19 13:53:25,904] multiqc                                            [DEBUG  ]  File ignored by rseqc/junction_annotation because it exceeded search pattern filesize limit: ENCFF388QNU_fastqc.html
[2022-05-19 13:53:25,904] multiqc                                            [DEBUG  ]  File ignored by rseqc/read_distribution because it exceeded search pattern filesize limit: ENCFF388QNU_fastqc.html
[2022-05-19 13:53:25,904] multiqc                                            [DEBUG  ]  File ignored by rseqc/infer_experiment because it exceeded search pattern filesize limit: ENCFF388QNU_fastqc.html
[2022-05-19 13:53:25,931] multiqc                                            [DEBUG  ]  File ignored by nanostat because it exceeded search pattern filesize limit: ENCFF388QNU_fastqc.html
[2022-05-19 13:53:25,936] multiqc                                            [DEBUG  ]  File ignored by ccs/v4 because it exceeded search pattern filesize limit: multiqc_report.html
[2022-05-19 13:53:25,936] multiqc                                            [DEBUG  ]  File ignored by hicexplorer because it exceeded search pattern filesize limit: multiqc_report.html
[2022-05-19 13:53:25,936] multiqc                                            [DEBUG  ]  File ignored by lima/summary because it exceeded search pattern filesize limit: multiqc_report.html
[2022-05-19 13:53:25,939] multiqc                                            [DEBUG  ]  File ignored by vep/vep_html because it exceeded search pattern filesize limit: multiqc_report.html
[2022-05-19 13:53:25,939] multiqc                                            [DEBUG  ]  File ignored by vep/vep_txt because it exceeded search pattern filesize limit: multiqc_report.html
[2022-05-19 13:53:25,939] multiqc                                            [DEBUG  ]  File ignored by longranger/invocation because it exceeded search pattern filesize limit: multiqc_report.html
[2022-05-19 13:53:25,939] multiqc                                            [DEBUG  ]  File ignored by rockhopper because it exceeded search pattern filesize limit: multiqc_report.html
[2022-05-19 13:53:25,939] multiqc                                            [DEBUG  ]  File ignored by rseqc/bam_stat because it exceeded search pattern filesize limit: multiqc_report.html
[2022-05-19 13:53:25,939] multiqc                                            [DEBUG  ]  File ignored by rseqc/junction_annotation because it exceeded search pattern filesize limit: multiqc_report.html
[2022-05-19 13:53:25,939] multiqc                                            [DEBUG  ]  File ignored by rseqc/read_distribution because it exceeded search pattern filesize limit: multiqc_report.html
[2022-05-19 13:53:25,939] multiqc                                            [DEBUG  ]  File ignored by rseqc/infer_experiment because it exceeded search pattern filesize limit: multiqc_report.html
[2022-05-19 13:53:25,942] multiqc                                            [DEBUG  ]  File ignored by stacks/sumstats because it exceeded search pattern filesize limit: multiqc_report.html
[2022-05-19 13:53:26,113] multiqc                                            [DEBUG  ]  File ignored by nanostat because it exceeded search pattern filesize limit: multiqc_report.html
[2022-05-19 13:53:26,125] multiqc                                            [DEBUG  ]  File ignored by ccs/v4 because it exceeded search pattern filesize limit: ENCFF086BUY_fastqc.html
[2022-05-19 13:53:26,126] multiqc                                            [DEBUG  ]  File ignored by hicexplorer because it exceeded search pattern filesize limit: ENCFF086BUY_fastqc.html
[2022-05-19 13:53:26,126] multiqc                                            [DEBUG  ]  File ignored by lima/summary because it exceeded search pattern filesize limit: ENCFF086BUY_fastqc.html
[2022-05-19 13:53:26,127] multiqc                                            [DEBUG  ]  File ignored by vep/vep_txt because it exceeded search pattern filesize limit: ENCFF086BUY_fastqc.html
[2022-05-19 13:53:26,127] multiqc                                            [DEBUG  ]  File ignored by longranger/invocation because it exceeded search pattern filesize limit: ENCFF086BUY_fastqc.html
[2022-05-19 13:53:26,127] multiqc                                            [DEBUG  ]  File ignored by rockhopper because it exceeded search pattern filesize limit: ENCFF086BUY_fastqc.html
[2022-05-19 13:53:26,127] multiqc                                            [DEBUG  ]  File ignored by rseqc/bam_stat because it exceeded search pattern filesize limit: ENCFF086BUY_fastqc.html
[2022-05-19 13:53:26,127] multiqc                                            [DEBUG  ]  File ignored by rseqc/junction_annotation because it exceeded search pattern filesize limit: ENCFF086BUY_fastqc.html
[2022-05-19 13:53:26,127] multiqc                                            [DEBUG  ]  File ignored by rseqc/read_distribution because it exceeded search pattern filesize limit: ENCFF086BUY_fastqc.html
[2022-05-19 13:53:26,127] multiqc                                            [DEBUG  ]  File ignored by rseqc/infer_experiment because it exceeded search pattern filesize limit: ENCFF086BUY_fastqc.html
[2022-05-19 13:53:26,153] multiqc                                            [DEBUG  ]  File ignored by nanostat because it exceeded search pattern filesize limit: ENCFF086BUY_fastqc.html
[2022-05-19 13:53:26,157] multiqc                                            [DEBUG  ]  File ignored by ccs/v4 because it exceeded search pattern filesize limit: ENCFF002AJC_fastqc.html
[2022-05-19 13:53:26,158] multiqc                                            [DEBUG  ]  File ignored by hicexplorer because it exceeded search pattern filesize limit: ENCFF002AJC_fastqc.html
[2022-05-19 13:53:26,158] multiqc                                            [DEBUG  ]  File ignored by lima/summary because it exceeded search pattern filesize limit: ENCFF002AJC_fastqc.html
[2022-05-19 13:53:26,159] multiqc                                            [DEBUG  ]  File ignored by vep/vep_txt because it exceeded search pattern filesize limit: ENCFF002AJC_fastqc.html
[2022-05-19 13:53:26,159] multiqc                                            [DEBUG  ]  File ignored by longranger/invocation because it exceeded search pattern filesize limit: ENCFF002AJC_fastqc.html
[2022-05-19 13:53:26,159] multiqc                                            [DEBUG  ]  File ignored by rockhopper because it exceeded search pattern filesize limit: ENCFF002AJC_fastqc.html
[2022-05-19 13:53:26,159] multiqc                                            [DEBUG  ]  File ignored by rseqc/bam_stat because it exceeded search pattern filesize limit: ENCFF002AJC_fastqc.html
[2022-05-19 13:53:26,159] multiqc                                            [DEBUG  ]  File ignored by rseqc/junction_annotation because it exceeded search pattern filesize limit: ENCFF002AJC_fastqc.html
[2022-05-19 13:53:26,159] multiqc                                            [DEBUG  ]  File ignored by rseqc/read_distribution because it exceeded search pattern filesize limit: ENCFF002AJC_fastqc.html
[2022-05-19 13:53:26,159] multiqc                                            [DEBUG  ]  File ignored by rseqc/infer_experiment because it exceeded search pattern filesize limit: ENCFF002AJC_fastqc.html
[2022-05-19 13:53:26,183] multiqc                                            [DEBUG  ]  File ignored by nanostat because it exceeded search pattern filesize limit: ENCFF002AJC_fastqc.html
[2022-05-19 13:53:26,189] multiqc                                            [DEBUG  ]  File ignored by ccs/v4 because it exceeded search pattern filesize limit: ENCFF002ESR_fastqc.html
[2022-05-19 13:53:26,190] multiqc                                            [DEBUG  ]  File ignored by hicexplorer because it exceeded search pattern filesize limit: ENCFF002ESR_fastqc.html
[2022-05-19 13:53:26,190] multiqc                                            [DEBUG  ]  File ignored by lima/summary because it exceeded search pattern filesize limit: ENCFF002ESR_fastqc.html
[2022-05-19 13:53:26,191] multiqc                                            [DEBUG  ]  File ignored by vep/vep_txt because it exceeded search pattern filesize limit: ENCFF002ESR_fastqc.html
[2022-05-19 13:53:26,191] multiqc                                            [DEBUG  ]  File ignored by longranger/invocation because it exceeded search pattern filesize limit: ENCFF002ESR_fastqc.html
[2022-05-19 13:53:26,191] multiqc                                            [DEBUG  ]  File ignored by rockhopper because it exceeded search pattern filesize limit: ENCFF002ESR_fastqc.html
[2022-05-19 13:53:26,191] multiqc                                            [DEBUG  ]  File ignored by rseqc/bam_stat because it exceeded search pattern filesize limit: ENCFF002ESR_fastqc.html
[2022-05-19 13:53:26,191] multiqc                                            [DEBUG  ]  File ignored by rseqc/junction_annotation because it exceeded search pattern filesize limit: ENCFF002ESR_fastqc.html
[2022-05-19 13:53:26,191] multiqc                                            [DEBUG  ]  File ignored by rseqc/read_distribution because it exceeded search pattern filesize limit: ENCFF002ESR_fastqc.html
[2022-05-19 13:53:26,191] multiqc                                            [DEBUG  ]  File ignored by rseqc/infer_experiment because it exceeded search pattern filesize limit: ENCFF002ESR_fastqc.html
[2022-05-19 13:53:26,215] multiqc                                            [DEBUG  ]  File ignored by nanostat because it exceeded search pattern filesize limit: ENCFF002ESR_fastqc.html
[2022-05-19 13:53:26,218] multiqc                                            [DEBUG  ]  File ignored by ccs/v4 because it exceeded search pattern filesize limit: ENCFF069IQM_fastqc.html
[2022-05-19 13:53:26,219] multiqc                                            [DEBUG  ]  File ignored by hicexplorer because it exceeded search pattern filesize limit: ENCFF069IQM_fastqc.html
[2022-05-19 13:53:26,219] multiqc                                            [DEBUG  ]  File ignored by lima/summary because it exceeded search pattern filesize limit: ENCFF069IQM_fastqc.html
[2022-05-19 13:53:26,220] multiqc                                            [DEBUG  ]  File ignored by vep/vep_txt because it exceeded search pattern filesize limit: ENCFF069IQM_fastqc.html
[2022-05-19 13:53:26,220] multiqc                                            [DEBUG  ]  File ignored by longranger/invocation because it exceeded search pattern filesize limit: ENCFF069IQM_fastqc.html
[2022-05-19 13:53:26,220] multiqc                                            [DEBUG  ]  File ignored by rockhopper because it exceeded search pattern filesize limit: ENCFF069IQM_fastqc.html
[2022-05-19 13:53:26,220] multiqc                                            [DEBUG  ]  File ignored by rseqc/bam_stat because it exceeded search pattern filesize limit: ENCFF069IQM_fastqc.html
[2022-05-19 13:53:26,220] multiqc                                            [DEBUG  ]  File ignored by rseqc/junction_annotation because it exceeded search pattern filesize limit: ENCFF069IQM_fastqc.html
[2022-05-19 13:53:26,220] multiqc                                            [DEBUG  ]  File ignored by rseqc/read_distribution because it exceeded search pattern filesize limit: ENCFF069IQM_fastqc.html
[2022-05-19 13:53:26,220] multiqc                                            [DEBUG  ]  File ignored by rseqc/infer_experiment because it exceeded search pattern filesize limit: ENCFF069IQM_fastqc.html
[2022-05-19 13:53:26,247] multiqc                                            [DEBUG  ]  File ignored by nanostat because it exceeded search pattern filesize limit: ENCFF069IQM_fastqc.html
[2022-05-19 13:53:26,251] multiqc                                            [DEBUG  ]  File ignored by ccs/v4 because it exceeded search pattern filesize limit: ENCFF002AJE_fastqc.html
[2022-05-19 13:53:26,252] multiqc                                            [DEBUG  ]  File ignored by hicexplorer because it exceeded search pattern filesize limit: ENCFF002AJE_fastqc.html
[2022-05-19 13:53:26,252] multiqc                                            [DEBUG  ]  File ignored by lima/summary because it exceeded search pattern filesize limit: ENCFF002AJE_fastqc.html
[2022-05-19 13:53:26,253] multiqc                                            [DEBUG  ]  File ignored by vep/vep_txt because it exceeded search pattern filesize limit: ENCFF002AJE_fastqc.html
[2022-05-19 13:53:26,253] multiqc                                            [DEBUG  ]  File ignored by longranger/invocation because it exceeded search pattern filesize limit: ENCFF002AJE_fastqc.html
[2022-05-19 13:53:26,253] multiqc                                            [DEBUG  ]  File ignored by rockhopper because it exceeded search pattern filesize limit: ENCFF002AJE_fastqc.html
[2022-05-19 13:53:26,253] multiqc                                            [DEBUG  ]  File ignored by rseqc/bam_stat because it exceeded search pattern filesize limit: ENCFF002AJE_fastqc.html
[2022-05-19 13:53:26,253] multiqc                                            [DEBUG  ]  File ignored by rseqc/junction_annotation because it exceeded search pattern filesize limit: ENCFF002AJE_fastqc.html
[2022-05-19 13:53:26,253] multiqc                                            [DEBUG  ]  File ignored by rseqc/read_distribution because it exceeded search pattern filesize limit: ENCFF002AJE_fastqc.html
[2022-05-19 13:53:26,253] multiqc                                            [DEBUG  ]  File ignored by rseqc/infer_experiment because it exceeded search pattern filesize limit: ENCFF002AJE_fastqc.html
[2022-05-19 13:53:26,277] multiqc                                            [DEBUG  ]  File ignored by nanostat because it exceeded search pattern filesize limit: ENCFF002AJE_fastqc.html
[2022-05-19 13:53:26,281] multiqc                                            [DEBUG  ]  File ignored by ccs/v4 because it exceeded search pattern filesize limit: ENCFF123MKU_fastqc.html
[2022-05-19 13:53:26,281] multiqc                                            [DEBUG  ]  File ignored by hicexplorer because it exceeded search pattern filesize limit: ENCFF123MKU_fastqc.html
[2022-05-19 13:53:26,281] multiqc                                            [DEBUG  ]  File ignored by lima/summary because it exceeded search pattern filesize limit: ENCFF123MKU_fastqc.html
[2022-05-19 13:53:26,282] multiqc                                            [DEBUG  ]  File ignored by vep/vep_txt because it exceeded search pattern filesize limit: ENCFF123MKU_fastqc.html
[2022-05-19 13:53:26,282] multiqc                                            [DEBUG  ]  File ignored by longranger/invocation because it exceeded search pattern filesize limit: ENCFF123MKU_fastqc.html
[2022-05-19 13:53:26,283] multiqc                                            [DEBUG  ]  File ignored by rockhopper because it exceeded search pattern filesize limit: ENCFF123MKU_fastqc.html
[2022-05-19 13:53:26,283] multiqc                                            [DEBUG  ]  File ignored by rseqc/bam_stat because it exceeded search pattern filesize limit: ENCFF123MKU_fastqc.html
[2022-05-19 13:53:26,283] multiqc                                            [DEBUG  ]  File ignored by rseqc/junction_annotation because it exceeded search pattern filesize limit: ENCFF123MKU_fastqc.html
[2022-05-19 13:53:26,283] multiqc                                            [DEBUG  ]  File ignored by rseqc/read_distribution because it exceeded search pattern filesize limit: ENCFF123MKU_fastqc.html
[2022-05-19 13:53:26,283] multiqc                                            [DEBUG  ]  File ignored by rseqc/infer_experiment because it exceeded search pattern filesize limit: ENCFF123MKU_fastqc.html
[2022-05-19 13:53:26,310] multiqc                                            [DEBUG  ]  File ignored by nanostat because it exceeded search pattern filesize limit: ENCFF123MKU_fastqc.html
[2022-05-19 13:53:26,314] multiqc                                            [DEBUG  ]  File ignored by ccs/v4 because it exceeded search pattern filesize limit: ENCFF482TKQ_fastqc.html
[2022-05-19 13:53:26,315] multiqc                                            [DEBUG  ]  File ignored by hicexplorer because it exceeded search pattern filesize limit: ENCFF482TKQ_fastqc.html
[2022-05-19 13:53:26,315] multiqc                                            [DEBUG  ]  File ignored by lima/summary because it exceeded search pattern filesize limit: ENCFF482TKQ_fastqc.html
[2022-05-19 13:53:26,316] multiqc                                            [DEBUG  ]  File ignored by vep/vep_txt because it exceeded search pattern filesize limit: ENCFF482TKQ_fastqc.html
[2022-05-19 13:53:26,316] multiqc                                            [DEBUG  ]  File ignored by longranger/invocation because it exceeded search pattern filesize limit: ENCFF482TKQ_fastqc.html
[2022-05-19 13:53:26,316] multiqc                                            [DEBUG  ]  File ignored by rockhopper because it exceeded search pattern filesize limit: ENCFF482TKQ_fastqc.html
[2022-05-19 13:53:26,316] multiqc                                            [DEBUG  ]  File ignored by rseqc/bam_stat because it exceeded search pattern filesize limit: ENCFF482TKQ_fastqc.html
[2022-05-19 13:53:26,316] multiqc                                            [DEBUG  ]  File ignored by rseqc/junction_annotation because it exceeded search pattern filesize limit: ENCFF482TKQ_fastqc.html
[2022-05-19 13:53:26,316] multiqc                                            [DEBUG  ]  File ignored by rseqc/read_distribution because it exceeded search pattern filesize limit: ENCFF482TKQ_fastqc.html
[2022-05-19 13:53:26,316] multiqc                                            [DEBUG  ]  File ignored by rseqc/infer_experiment because it exceeded search pattern filesize limit: ENCFF482TKQ_fastqc.html
[2022-05-19 13:53:26,341] multiqc                                            [DEBUG  ]  File ignored by nanostat because it exceeded search pattern filesize limit: ENCFF482TKQ_fastqc.html
[2022-05-19 13:53:26,345] multiqc                                            [DEBUG  ]  File ignored by ccs/v4 because it exceeded search pattern filesize limit: ENCFF002EST_fastqc.html
[2022-05-19 13:53:26,345] multiqc                                            [DEBUG  ]  File ignored by hicexplorer because it exceeded search pattern filesize limit: ENCFF002EST_fastqc.html
[2022-05-19 13:53:26,345] multiqc                                            [DEBUG  ]  File ignored by lima/summary because it exceeded search pattern filesize limit: ENCFF002EST_fastqc.html
[2022-05-19 13:53:26,346] multiqc                                            [DEBUG  ]  File ignored by vep/vep_txt because it exceeded search pattern filesize limit: ENCFF002EST_fastqc.html
[2022-05-19 13:53:26,346] multiqc                                            [DEBUG  ]  File ignored by longranger/invocation because it exceeded search pattern filesize limit: ENCFF002EST_fastqc.html
[2022-05-19 13:53:26,346] multiqc                                            [DEBUG  ]  File ignored by rockhopper because it exceeded search pattern filesize limit: ENCFF002EST_fastqc.html
[2022-05-19 13:53:26,346] multiqc                                            [DEBUG  ]  File ignored by rseqc/bam_stat because it exceeded search pattern filesize limit: ENCFF002EST_fastqc.html
[2022-05-19 13:53:26,346] multiqc                                            [DEBUG  ]  File ignored by rseqc/junction_annotation because it exceeded search pattern filesize limit: ENCFF002EST_fastqc.html
[2022-05-19 13:53:26,347] multiqc                                            [DEBUG  ]  File ignored by rseqc/read_distribution because it exceeded search pattern filesize limit: ENCFF002EST_fastqc.html
[2022-05-19 13:53:26,347] multiqc                                            [DEBUG  ]  File ignored by rseqc/infer_experiment because it exceeded search pattern filesize limit: ENCFF002EST_fastqc.html
[2022-05-19 13:53:26,370] multiqc                                            [DEBUG  ]  File ignored by nanostat because it exceeded search pattern filesize limit: ENCFF002EST_fastqc.html
[2022-05-19 13:53:26,375] multiqc                                            [DEBUG  ]  File ignored by ccs/v4 because it exceeded search pattern filesize limit: ENCFF115BHE_fastqc.html
[2022-05-19 13:53:26,376] multiqc                                            [DEBUG  ]  File ignored by hicexplorer because it exceeded search pattern filesize limit: ENCFF115BHE_fastqc.html
[2022-05-19 13:53:26,376] multiqc                                            [DEBUG  ]  File ignored by lima/summary because it exceeded search pattern filesize limit: ENCFF115BHE_fastqc.html
[2022-05-19 13:53:26,377] multiqc                                            [DEBUG  ]  File ignored by vep/vep_txt because it exceeded search pattern filesize limit: ENCFF115BHE_fastqc.html
[2022-05-19 13:53:26,377] multiqc                                            [DEBUG  ]  File ignored by longranger/invocation because it exceeded search pattern filesize limit: ENCFF115BHE_fastqc.html
[2022-05-19 13:53:26,377] multiqc                                            [DEBUG  ]  File ignored by rockhopper because it exceeded search pattern filesize limit: ENCFF115BHE_fastqc.html
[2022-05-19 13:53:26,377] multiqc                                            [DEBUG  ]  File ignored by rseqc/bam_stat because it exceeded search pattern filesize limit: ENCFF115BHE_fastqc.html
[2022-05-19 13:53:26,377] multiqc                                            [DEBUG  ]  File ignored by rseqc/junction_annotation because it exceeded search pattern filesize limit: ENCFF115BHE_fastqc.html
[2022-05-19 13:53:26,377] multiqc                                            [DEBUG  ]  File ignored by rseqc/read_distribution because it exceeded search pattern filesize limit: ENCFF115BHE_fastqc.html
[2022-05-19 13:53:26,377] multiqc                                            [DEBUG  ]  File ignored by rseqc/infer_experiment because it exceeded search pattern filesize limit: ENCFF115BHE_fastqc.html
[2022-05-19 13:53:26,405] multiqc                                            [DEBUG  ]  File ignored by nanostat because it exceeded search pattern filesize limit: ENCFF115BHE_fastqc.html
[2022-05-19 13:53:26,410] multiqc                                            [DEBUG  ]  File ignored by ccs/v4 because it exceeded search pattern filesize limit: ENCFF106YCA_fastqc.html
[2022-05-19 13:53:26,410] multiqc                                            [DEBUG  ]  File ignored by hicexplorer because it exceeded search pattern filesize limit: ENCFF106YCA_fastqc.html
[2022-05-19 13:53:26,410] multiqc                                            [DEBUG  ]  File ignored by lima/summary because it exceeded search pattern filesize limit: ENCFF106YCA_fastqc.html
[2022-05-19 13:53:26,411] multiqc                                            [DEBUG  ]  File ignored by vep/vep_txt because it exceeded search pattern filesize limit: ENCFF106YCA_fastqc.html
[2022-05-19 13:53:26,411] multiqc                                            [DEBUG  ]  File ignored by longranger/invocation because it exceeded search pattern filesize limit: ENCFF106YCA_fastqc.html
[2022-05-19 13:53:26,411] multiqc                                            [DEBUG  ]  File ignored by rockhopper because it exceeded search pattern filesize limit: ENCFF106YCA_fastqc.html
[2022-05-19 13:53:26,411] multiqc                                            [DEBUG  ]  File ignored by rseqc/bam_stat because it exceeded search pattern filesize limit: ENCFF106YCA_fastqc.html
[2022-05-19 13:53:26,411] multiqc                                            [DEBUG  ]  File ignored by rseqc/junction_annotation because it exceeded search pattern filesize limit: ENCFF106YCA_fastqc.html
[2022-05-19 13:53:26,412] multiqc                                            [DEBUG  ]  File ignored by rseqc/read_distribution because it exceeded search pattern filesize limit: ENCFF106YCA_fastqc.html
[2022-05-19 13:53:26,412] multiqc                                            [DEBUG  ]  File ignored by rseqc/infer_experiment because it exceeded search pattern filesize limit: ENCFF106YCA_fastqc.html
[2022-05-19 13:53:26,436] multiqc                                            [DEBUG  ]  File ignored by nanostat because it exceeded search pattern filesize limit: ENCFF106YCA_fastqc.html
[2022-05-19 13:53:26,441] multiqc                                            [DEBUG  ]  File ignored by ccs/v4 because it exceeded search pattern filesize limit: ENCFF952SFK_fastqc.html
[2022-05-19 13:53:26,441] multiqc                                            [DEBUG  ]  File ignored by hicexplorer because it exceeded search pattern filesize limit: ENCFF952SFK_fastqc.html
[2022-05-19 13:53:26,441] multiqc                                            [DEBUG  ]  File ignored by lima/summary because it exceeded search pattern filesize limit: ENCFF952SFK_fastqc.html
[2022-05-19 13:53:26,442] multiqc                                            [DEBUG  ]  File ignored by vep/vep_txt because it exceeded search pattern filesize limit: ENCFF952SFK_fastqc.html
[2022-05-19 13:53:26,442] multiqc                                            [DEBUG  ]  File ignored by longranger/invocation because it exceeded search pattern filesize limit: ENCFF952SFK_fastqc.html
[2022-05-19 13:53:26,442] multiqc                                            [DEBUG  ]  File ignored by rockhopper because it exceeded search pattern filesize limit: ENCFF952SFK_fastqc.html
[2022-05-19 13:53:26,442] multiqc                                            [DEBUG  ]  File ignored by rseqc/bam_stat because it exceeded search pattern filesize limit: ENCFF952SFK_fastqc.html
[2022-05-19 13:53:26,442] multiqc                                            [DEBUG  ]  File ignored by rseqc/junction_annotation because it exceeded search pattern filesize limit: ENCFF952SFK_fastqc.html
[2022-05-19 13:53:26,442] multiqc                                            [DEBUG  ]  File ignored by rseqc/read_distribution because it exceeded search pattern filesize limit: ENCFF952SFK_fastqc.html
[2022-05-19 13:53:26,442] multiqc                                            [DEBUG  ]  File ignored by rseqc/infer_experiment because it exceeded search pattern filesize limit: ENCFF952SFK_fastqc.html
[2022-05-19 13:53:26,467] multiqc                                            [DEBUG  ]  File ignored by nanostat because it exceeded search pattern filesize limit: ENCFF952SFK_fastqc.html
[2022-05-19 13:53:26,472] multiqc                                            [DEBUG  ]  File ignored by ccs/v4 because it exceeded search pattern filesize limit: ENCFF981WQT_fastqc.html
[2022-05-19 13:53:26,472] multiqc                                            [DEBUG  ]  File ignored by hicexplorer because it exceeded search pattern filesize limit: ENCFF981WQT_fastqc.html
[2022-05-19 13:53:26,472] multiqc                                            [DEBUG  ]  File ignored by lima/summary because it exceeded search pattern filesize limit: ENCFF981WQT_fastqc.html
[2022-05-19 13:53:26,473] multiqc                                            [DEBUG  ]  File ignored by vep/vep_txt because it exceeded search pattern filesize limit: ENCFF981WQT_fastqc.html
[2022-05-19 13:53:26,473] multiqc                                            [DEBUG  ]  File ignored by longranger/invocation because it exceeded search pattern filesize limit: ENCFF981WQT_fastqc.html
[2022-05-19 13:53:26,473] multiqc                                            [DEBUG  ]  File ignored by rockhopper because it exceeded search pattern filesize limit: ENCFF981WQT_fastqc.html
[2022-05-19 13:53:26,473] multiqc                                            [DEBUG  ]  File ignored by rseqc/bam_stat because it exceeded search pattern filesize limit: ENCFF981WQT_fastqc.html
[2022-05-19 13:53:26,473] multiqc                                            [DEBUG  ]  File ignored by rseqc/junction_annotation because it exceeded search pattern filesize limit: ENCFF981WQT_fastqc.html
[2022-05-19 13:53:26,473] multiqc                                            [DEBUG  ]  File ignored by rseqc/read_distribution because it exceeded search pattern filesize limit: ENCFF981WQT_fastqc.html
[2022-05-19 13:53:26,473] multiqc                                            [DEBUG  ]  File ignored by rseqc/infer_experiment because it exceeded search pattern filesize limit: ENCFF981WQT_fastqc.html
[2022-05-19 13:53:26,503] multiqc                                            [DEBUG  ]  File ignored by nanostat because it exceeded search pattern filesize limit: ENCFF981WQT_fastqc.html
[2022-05-19 13:53:26,507] multiqc                                            [DEBUG  ]  File ignored by ccs/v4 because it exceeded search pattern filesize limit: ENCFF128OTX_fastqc.html
[2022-05-19 13:53:26,508] multiqc                                            [DEBUG  ]  File ignored by hicexplorer because it exceeded search pattern filesize limit: ENCFF128OTX_fastqc.html
[2022-05-19 13:53:26,508] multiqc                                            [DEBUG  ]  File ignored by lima/summary because it exceeded search pattern filesize limit: ENCFF128OTX_fastqc.html
[2022-05-19 13:53:26,509] multiqc                                            [DEBUG  ]  File ignored by vep/vep_txt because it exceeded search pattern filesize limit: ENCFF128OTX_fastqc.html
[2022-05-19 13:53:26,509] multiqc                                            [DEBUG  ]  File ignored by longranger/invocation because it exceeded search pattern filesize limit: ENCFF128OTX_fastqc.html
[2022-05-19 13:53:26,509] multiqc                                            [DEBUG  ]  File ignored by rockhopper because it exceeded search pattern filesize limit: ENCFF128OTX_fastqc.html
[2022-05-19 13:53:26,509] multiqc                                            [DEBUG  ]  File ignored by rseqc/bam_stat because it exceeded search pattern filesize limit: ENCFF128OTX_fastqc.html
[2022-05-19 13:53:26,509] multiqc                                            [DEBUG  ]  File ignored by rseqc/junction_annotation because it exceeded search pattern filesize limit: ENCFF128OTX_fastqc.html
[2022-05-19 13:53:26,509] multiqc                                            [DEBUG  ]  File ignored by rseqc/read_distribution because it exceeded search pattern filesize limit: ENCFF128OTX_fastqc.html
[2022-05-19 13:53:26,509] multiqc                                            [DEBUG  ]  File ignored by rseqc/infer_experiment because it exceeded search pattern filesize limit: ENCFF128OTX_fastqc.html
[2022-05-19 13:53:26,535] multiqc                                            [DEBUG  ]  File ignored by nanostat because it exceeded search pattern filesize limit: ENCFF128OTX_fastqc.html
[2022-05-19 13:53:27,095] multiqc.plots.linegraph                            [DEBUG  ]  Using matplotlib version 3.5.1
[2022-05-19 13:53:27,095] multiqc.plots.bargraph                             [DEBUG  ]  Using matplotlib version 3.5.1
[2022-05-19 13:53:27,308] multiqc.modules.fastqc.fastqc                      [INFO   ]  Found 14 reports
[2022-05-19 13:53:27,406] multiqc                                            [INFO   ]  Compressing plot data
[2022-05-19 13:53:27,570] multiqc                                            [WARNING]  Deleting    : output/qc/h3k4me1/multiqc_report.html   (-f was specified)
[2022-05-19 13:53:27,571] multiqc                                            [WARNING]  Deleting    : output/qc/h3k4me1/multiqc_data   (-f was specified)
[2022-05-19 13:53:27,571] multiqc                                            [INFO   ]  Report      : output/qc/h3k4me1/multiqc_report.html
[2022-05-19 13:53:27,571] multiqc                                            [INFO   ]  Data        : output/qc/h3k4me1/multiqc_data
[2022-05-19 13:53:27,571] multiqc                                            [DEBUG  ]  Moving data file from '/tmp/tmpab_bfmrk/multiqc_data' to 'output/qc/h3k4me1/multiqc_data'
[2022-05-19 13:53:27,648] multiqc                                            [INFO   ]  MultiQC complete
