[2022-05-19 13:53:31,244] multiqc                                            [DEBUG  ]  This is MultiQC v1.12
[2022-05-19 13:53:31,244] multiqc                                            [DEBUG  ]  No MultiQC config found: /mnt/IM/conda/lib/python3.9/site-packages/multiqc_config.yaml
[2022-05-19 13:53:31,244] multiqc                                            [DEBUG  ]  No MultiQC config found: /home/leo/.multiqc_config.yaml
[2022-05-19 13:53:31,244] multiqc                                            [DEBUG  ]  No MultiQC config found: multiqc_config.yaml
[2022-05-19 13:53:31,244] multiqc                                            [DEBUG  ]  Command used: /mnt/IM/conda/bin/multiqc -f -o output/qc/atac output/qc/atac
[2022-05-19 13:53:31,475] multiqc                                            [DEBUG  ]  Latest MultiQC version is v1.12
[2022-05-19 13:53:31,475] multiqc                                            [DEBUG  ]  Command     : /mnt/IM/conda/bin/multiqc -f -o output/qc/atac output/qc/atac
[2022-05-19 13:53:31,475] multiqc                                            [DEBUG  ]  Working dir : /mnt/groupMansuy/epibioinfo
[2022-05-19 13:53:31,475] multiqc                                            [DEBUG  ]  Template    : default
[2022-05-19 13:53:31,475] multiqc                                            [DEBUG  ]  Running Python 3.9.10 | packaged by conda-forge | (main, Feb  1 2022, 21:24:11)  [GCC 9.4.0]
[2022-05-19 13:53:31,476] multiqc                                            [DEBUG  ]  Analysing modules: custom_content, ccs, ngsderive, purple, conpair, lima, peddy, somalier, methylQA, mosdepth, phantompeakqualtools, qualimap, preseq, quast, qorts, rna_seqc, rockhopper, rsem, rseqc, busco, bustools, goleft_indexcov, gffcompare, disambiguate, supernova, deeptools, sargasso, verifybamid, mirtrace, happy, mirtop, sambamba, homer, hops, macs2, theta2, snpeff, gatk, htseq, bcftools, featureCounts, fgbio, dragen, dedup, pbmarkdup, damageprofiler, biobambam2, jcvi, mtnucratio, picard, vep, sentieon, prokka, qc3C, nanostat, samblaster, samtools, sexdeterrmine, eigenstratdatabasetools, bamtools, jellyfish, vcftools, longranger, stacks, varscan2, snippy, bbmap, bismark, biscuit, hicexplorer, hicup, hicpro, salmon, kallisto, slamdunk, star, hisat2, tophat, bowtie2, bowtie1, snpsplit, odgi, pangolin, kat, leehom, adapterRemoval, clipandmerge, cutadapt, flexbar, kaiju, kraken, malt, trimmomatic, sickle, skewer, sortmerna, biobloomtools, fastq_screen, afterqc, fastp, fastqc, pychopper, pycoqc, minionqc, multivcfanalyzer, clusterflow, checkqc, bcl2fastq, bclconvert, interop, ivar, flash, seqyclean, optitype, whatshap
[2022-05-19 13:53:31,476] multiqc                                            [DEBUG  ]  Using temporary directory for creating report: /tmp/tmpan2vlp9y
[2022-05-19 13:53:31,614] multiqc                                            [INFO   ]  Search path : /mnt/groupMansuy/epibioinfo/output/qc/atac
[2022-05-19 13:53:31,619] multiqc                                            [DEBUG  ]  Ignoring directory as matched fn_ignore_dirs: output/qc/atac/multiqc_data
[2022-05-19 13:53:31,641] multiqc                                            [DEBUG  ]  File ignored by ccs/v4 because it exceeded search pattern filesize limit: ENCFF083TDB_fastqc.html
[2022-05-19 13:53:31,642] multiqc                                            [DEBUG  ]  File ignored by hicexplorer because it exceeded search pattern filesize limit: ENCFF083TDB_fastqc.html
[2022-05-19 13:53:31,642] multiqc                                            [DEBUG  ]  File ignored by lima/summary because it exceeded search pattern filesize limit: ENCFF083TDB_fastqc.html
[2022-05-19 13:53:31,643] multiqc                                            [DEBUG  ]  File ignored by vep/vep_txt because it exceeded search pattern filesize limit: ENCFF083TDB_fastqc.html
[2022-05-19 13:53:31,644] multiqc                                            [DEBUG  ]  File ignored by longranger/invocation because it exceeded search pattern filesize limit: ENCFF083TDB_fastqc.html
[2022-05-19 13:53:31,644] multiqc                                            [DEBUG  ]  File ignored by rockhopper because it exceeded search pattern filesize limit: ENCFF083TDB_fastqc.html
[2022-05-19 13:53:31,644] multiqc                                            [DEBUG  ]  File ignored by rseqc/bam_stat because it exceeded search pattern filesize limit: ENCFF083TDB_fastqc.html
[2022-05-19 13:53:31,644] multiqc                                            [DEBUG  ]  File ignored by rseqc/junction_annotation because it exceeded search pattern filesize limit: ENCFF083TDB_fastqc.html
[2022-05-19 13:53:31,644] multiqc                                            [DEBUG  ]  File ignored by rseqc/read_distribution because it exceeded search pattern filesize limit: ENCFF083TDB_fastqc.html
[2022-05-19 13:53:31,644] multiqc                                            [DEBUG  ]  File ignored by rseqc/infer_experiment because it exceeded search pattern filesize limit: ENCFF083TDB_fastqc.html
[2022-05-19 13:53:31,672] multiqc                                            [DEBUG  ]  File ignored by nanostat because it exceeded search pattern filesize limit: ENCFF083TDB_fastqc.html
[2022-05-19 13:53:31,677] multiqc                                            [DEBUG  ]  File ignored by ccs/v4 because it exceeded search pattern filesize limit: multiqc_report.html
[2022-05-19 13:53:31,678] multiqc                                            [DEBUG  ]  File ignored by hicexplorer because it exceeded search pattern filesize limit: multiqc_report.html
[2022-05-19 13:53:31,678] multiqc                                            [DEBUG  ]  File ignored by lima/summary because it exceeded search pattern filesize limit: multiqc_report.html
[2022-05-19 13:53:31,680] multiqc                                            [DEBUG  ]  File ignored by vep/vep_html because it exceeded search pattern filesize limit: multiqc_report.html
[2022-05-19 13:53:31,680] multiqc                                            [DEBUG  ]  File ignored by vep/vep_txt because it exceeded search pattern filesize limit: multiqc_report.html
[2022-05-19 13:53:31,680] multiqc                                            [DEBUG  ]  File ignored by longranger/invocation because it exceeded search pattern filesize limit: multiqc_report.html
[2022-05-19 13:53:31,680] multiqc                                            [DEBUG  ]  File ignored by rockhopper because it exceeded search pattern filesize limit: multiqc_report.html
[2022-05-19 13:53:31,680] multiqc                                            [DEBUG  ]  File ignored by rseqc/bam_stat because it exceeded search pattern filesize limit: multiqc_report.html
[2022-05-19 13:53:31,680] multiqc                                            [DEBUG  ]  File ignored by rseqc/junction_annotation because it exceeded search pattern filesize limit: multiqc_report.html
[2022-05-19 13:53:31,680] multiqc                                            [DEBUG  ]  File ignored by rseqc/read_distribution because it exceeded search pattern filesize limit: multiqc_report.html
[2022-05-19 13:53:31,680] multiqc                                            [DEBUG  ]  File ignored by rseqc/infer_experiment because it exceeded search pattern filesize limit: multiqc_report.html
[2022-05-19 13:53:31,683] multiqc                                            [DEBUG  ]  File ignored by stacks/sumstats because it exceeded search pattern filesize limit: multiqc_report.html
[2022-05-19 13:53:31,847] multiqc                                            [DEBUG  ]  File ignored by nanostat because it exceeded search pattern filesize limit: multiqc_report.html
[2022-05-19 13:53:31,858] multiqc                                            [DEBUG  ]  File ignored by ccs/v4 because it exceeded search pattern filesize limit: ENCFF413XTH_fastqc.html
[2022-05-19 13:53:31,859] multiqc                                            [DEBUG  ]  File ignored by hicexplorer because it exceeded search pattern filesize limit: ENCFF413XTH_fastqc.html
[2022-05-19 13:53:31,859] multiqc                                            [DEBUG  ]  File ignored by lima/summary because it exceeded search pattern filesize limit: ENCFF413XTH_fastqc.html
[2022-05-19 13:53:31,860] multiqc                                            [DEBUG  ]  File ignored by vep/vep_txt because it exceeded search pattern filesize limit: ENCFF413XTH_fastqc.html
[2022-05-19 13:53:31,860] multiqc                                            [DEBUG  ]  File ignored by longranger/invocation because it exceeded search pattern filesize limit: ENCFF413XTH_fastqc.html
[2022-05-19 13:53:31,860] multiqc                                            [DEBUG  ]  File ignored by rockhopper because it exceeded search pattern filesize limit: ENCFF413XTH_fastqc.html
[2022-05-19 13:53:31,860] multiqc                                            [DEBUG  ]  File ignored by rseqc/bam_stat because it exceeded search pattern filesize limit: ENCFF413XTH_fastqc.html
[2022-05-19 13:53:31,860] multiqc                                            [DEBUG  ]  File ignored by rseqc/junction_annotation because it exceeded search pattern filesize limit: ENCFF413XTH_fastqc.html
[2022-05-19 13:53:31,860] multiqc                                            [DEBUG  ]  File ignored by rseqc/read_distribution because it exceeded search pattern filesize limit: ENCFF413XTH_fastqc.html
[2022-05-19 13:53:31,860] multiqc                                            [DEBUG  ]  File ignored by rseqc/infer_experiment because it exceeded search pattern filesize limit: ENCFF413XTH_fastqc.html
[2022-05-19 13:53:31,887] multiqc                                            [DEBUG  ]  File ignored by nanostat because it exceeded search pattern filesize limit: ENCFF413XTH_fastqc.html
[2022-05-19 13:53:31,891] multiqc                                            [DEBUG  ]  File ignored by ccs/v4 because it exceeded search pattern filesize limit: ENCFF058IAE_fastqc.html
[2022-05-19 13:53:31,892] multiqc                                            [DEBUG  ]  File ignored by hicexplorer because it exceeded search pattern filesize limit: ENCFF058IAE_fastqc.html
[2022-05-19 13:53:31,892] multiqc                                            [DEBUG  ]  File ignored by lima/summary because it exceeded search pattern filesize limit: ENCFF058IAE_fastqc.html
[2022-05-19 13:53:31,893] multiqc                                            [DEBUG  ]  File ignored by vep/vep_txt because it exceeded search pattern filesize limit: ENCFF058IAE_fastqc.html
[2022-05-19 13:53:31,893] multiqc                                            [DEBUG  ]  File ignored by longranger/invocation because it exceeded search pattern filesize limit: ENCFF058IAE_fastqc.html
[2022-05-19 13:53:31,893] multiqc                                            [DEBUG  ]  File ignored by rockhopper because it exceeded search pattern filesize limit: ENCFF058IAE_fastqc.html
[2022-05-19 13:53:31,893] multiqc                                            [DEBUG  ]  File ignored by rseqc/bam_stat because it exceeded search pattern filesize limit: ENCFF058IAE_fastqc.html
[2022-05-19 13:53:31,893] multiqc                                            [DEBUG  ]  File ignored by rseqc/junction_annotation because it exceeded search pattern filesize limit: ENCFF058IAE_fastqc.html
[2022-05-19 13:53:31,893] multiqc                                            [DEBUG  ]  File ignored by rseqc/read_distribution because it exceeded search pattern filesize limit: ENCFF058IAE_fastqc.html
[2022-05-19 13:53:31,893] multiqc                                            [DEBUG  ]  File ignored by rseqc/infer_experiment because it exceeded search pattern filesize limit: ENCFF058IAE_fastqc.html
[2022-05-19 13:53:31,920] multiqc                                            [DEBUG  ]  File ignored by nanostat because it exceeded search pattern filesize limit: ENCFF058IAE_fastqc.html
[2022-05-19 13:53:31,924] multiqc                                            [DEBUG  ]  File ignored by ccs/v4 because it exceeded search pattern filesize limit: ENCFF401VUV_fastqc.html
[2022-05-19 13:53:31,924] multiqc                                            [DEBUG  ]  File ignored by hicexplorer because it exceeded search pattern filesize limit: ENCFF401VUV_fastqc.html
[2022-05-19 13:53:31,925] multiqc                                            [DEBUG  ]  File ignored by lima/summary because it exceeded search pattern filesize limit: ENCFF401VUV_fastqc.html
[2022-05-19 13:53:31,927] multiqc                                            [DEBUG  ]  File ignored by vep/vep_txt because it exceeded search pattern filesize limit: ENCFF401VUV_fastqc.html
[2022-05-19 13:53:31,927] multiqc                                            [DEBUG  ]  File ignored by longranger/invocation because it exceeded search pattern filesize limit: ENCFF401VUV_fastqc.html
[2022-05-19 13:53:31,928] multiqc                                            [DEBUG  ]  File ignored by rockhopper because it exceeded search pattern filesize limit: ENCFF401VUV_fastqc.html
[2022-05-19 13:53:31,928] multiqc                                            [DEBUG  ]  File ignored by rseqc/bam_stat because it exceeded search pattern filesize limit: ENCFF401VUV_fastqc.html
[2022-05-19 13:53:31,928] multiqc                                            [DEBUG  ]  File ignored by rseqc/junction_annotation because it exceeded search pattern filesize limit: ENCFF401VUV_fastqc.html
[2022-05-19 13:53:31,928] multiqc                                            [DEBUG  ]  File ignored by rseqc/read_distribution because it exceeded search pattern filesize limit: ENCFF401VUV_fastqc.html
[2022-05-19 13:53:31,928] multiqc                                            [DEBUG  ]  File ignored by rseqc/infer_experiment because it exceeded search pattern filesize limit: ENCFF401VUV_fastqc.html
[2022-05-19 13:53:31,955] multiqc                                            [DEBUG  ]  File ignored by nanostat because it exceeded search pattern filesize limit: ENCFF401VUV_fastqc.html
[2022-05-19 13:53:31,959] multiqc                                            [DEBUG  ]  File ignored by ccs/v4 because it exceeded search pattern filesize limit: ENCFF776GDQ_fastqc.html
[2022-05-19 13:53:31,960] multiqc                                            [DEBUG  ]  File ignored by hicexplorer because it exceeded search pattern filesize limit: ENCFF776GDQ_fastqc.html
[2022-05-19 13:53:31,960] multiqc                                            [DEBUG  ]  File ignored by lima/summary because it exceeded search pattern filesize limit: ENCFF776GDQ_fastqc.html
[2022-05-19 13:53:31,961] multiqc                                            [DEBUG  ]  File ignored by vep/vep_txt because it exceeded search pattern filesize limit: ENCFF776GDQ_fastqc.html
[2022-05-19 13:53:31,961] multiqc                                            [DEBUG  ]  File ignored by longranger/invocation because it exceeded search pattern filesize limit: ENCFF776GDQ_fastqc.html
[2022-05-19 13:53:31,961] multiqc                                            [DEBUG  ]  File ignored by rockhopper because it exceeded search pattern filesize limit: ENCFF776GDQ_fastqc.html
[2022-05-19 13:53:31,961] multiqc                                            [DEBUG  ]  File ignored by rseqc/bam_stat because it exceeded search pattern filesize limit: ENCFF776GDQ_fastqc.html
[2022-05-19 13:53:31,961] multiqc                                            [DEBUG  ]  File ignored by rseqc/junction_annotation because it exceeded search pattern filesize limit: ENCFF776GDQ_fastqc.html
[2022-05-19 13:53:31,961] multiqc                                            [DEBUG  ]  File ignored by rseqc/read_distribution because it exceeded search pattern filesize limit: ENCFF776GDQ_fastqc.html
[2022-05-19 13:53:31,961] multiqc                                            [DEBUG  ]  File ignored by rseqc/infer_experiment because it exceeded search pattern filesize limit: ENCFF776GDQ_fastqc.html
[2022-05-19 13:53:31,987] multiqc                                            [DEBUG  ]  File ignored by nanostat because it exceeded search pattern filesize limit: ENCFF776GDQ_fastqc.html
[2022-05-19 13:53:31,991] multiqc                                            [DEBUG  ]  File ignored by ccs/v4 because it exceeded search pattern filesize limit: ENCFF048MTG_fastqc.html
[2022-05-19 13:53:31,991] multiqc                                            [DEBUG  ]  File ignored by hicexplorer because it exceeded search pattern filesize limit: ENCFF048MTG_fastqc.html
[2022-05-19 13:53:31,991] multiqc                                            [DEBUG  ]  File ignored by lima/summary because it exceeded search pattern filesize limit: ENCFF048MTG_fastqc.html
[2022-05-19 13:53:31,992] multiqc                                            [DEBUG  ]  File ignored by vep/vep_txt because it exceeded search pattern filesize limit: ENCFF048MTG_fastqc.html
[2022-05-19 13:53:31,992] multiqc                                            [DEBUG  ]  File ignored by longranger/invocation because it exceeded search pattern filesize limit: ENCFF048MTG_fastqc.html
[2022-05-19 13:53:31,992] multiqc                                            [DEBUG  ]  File ignored by rockhopper because it exceeded search pattern filesize limit: ENCFF048MTG_fastqc.html
[2022-05-19 13:53:31,993] multiqc                                            [DEBUG  ]  File ignored by rseqc/bam_stat because it exceeded search pattern filesize limit: ENCFF048MTG_fastqc.html
[2022-05-19 13:53:31,993] multiqc                                            [DEBUG  ]  File ignored by rseqc/junction_annotation because it exceeded search pattern filesize limit: ENCFF048MTG_fastqc.html
[2022-05-19 13:53:31,993] multiqc                                            [DEBUG  ]  File ignored by rseqc/read_distribution because it exceeded search pattern filesize limit: ENCFF048MTG_fastqc.html
[2022-05-19 13:53:31,993] multiqc                                            [DEBUG  ]  File ignored by rseqc/infer_experiment because it exceeded search pattern filesize limit: ENCFF048MTG_fastqc.html
[2022-05-19 13:53:32,019] multiqc                                            [DEBUG  ]  File ignored by nanostat because it exceeded search pattern filesize limit: ENCFF048MTG_fastqc.html
[2022-05-19 13:53:32,023] multiqc                                            [DEBUG  ]  File ignored by ccs/v4 because it exceeded search pattern filesize limit: ENCFF906VXU_fastqc.html
[2022-05-19 13:53:32,023] multiqc                                            [DEBUG  ]  File ignored by hicexplorer because it exceeded search pattern filesize limit: ENCFF906VXU_fastqc.html
[2022-05-19 13:53:32,023] multiqc                                            [DEBUG  ]  File ignored by lima/summary because it exceeded search pattern filesize limit: ENCFF906VXU_fastqc.html
[2022-05-19 13:53:32,024] multiqc                                            [DEBUG  ]  File ignored by vep/vep_txt because it exceeded search pattern filesize limit: ENCFF906VXU_fastqc.html
[2022-05-19 13:53:32,024] multiqc                                            [DEBUG  ]  File ignored by longranger/invocation because it exceeded search pattern filesize limit: ENCFF906VXU_fastqc.html
[2022-05-19 13:53:32,024] multiqc                                            [DEBUG  ]  File ignored by rockhopper because it exceeded search pattern filesize limit: ENCFF906VXU_fastqc.html
[2022-05-19 13:53:32,024] multiqc                                            [DEBUG  ]  File ignored by rseqc/bam_stat because it exceeded search pattern filesize limit: ENCFF906VXU_fastqc.html
[2022-05-19 13:53:32,024] multiqc                                            [DEBUG  ]  File ignored by rseqc/junction_annotation because it exceeded search pattern filesize limit: ENCFF906VXU_fastqc.html
[2022-05-19 13:53:32,024] multiqc                                            [DEBUG  ]  File ignored by rseqc/read_distribution because it exceeded search pattern filesize limit: ENCFF906VXU_fastqc.html
[2022-05-19 13:53:32,024] multiqc                                            [DEBUG  ]  File ignored by rseqc/infer_experiment because it exceeded search pattern filesize limit: ENCFF906VXU_fastqc.html
[2022-05-19 13:53:32,053] multiqc                                            [DEBUG  ]  File ignored by nanostat because it exceeded search pattern filesize limit: ENCFF906VXU_fastqc.html
[2022-05-19 13:53:32,057] multiqc                                            [DEBUG  ]  File ignored by ccs/v4 because it exceeded search pattern filesize limit: ENCFF248PXW_fastqc.html
[2022-05-19 13:53:32,058] multiqc                                            [DEBUG  ]  File ignored by hicexplorer because it exceeded search pattern filesize limit: ENCFF248PXW_fastqc.html
[2022-05-19 13:53:32,058] multiqc                                            [DEBUG  ]  File ignored by lima/summary because it exceeded search pattern filesize limit: ENCFF248PXW_fastqc.html
[2022-05-19 13:53:32,059] multiqc                                            [DEBUG  ]  File ignored by vep/vep_txt because it exceeded search pattern filesize limit: ENCFF248PXW_fastqc.html
[2022-05-19 13:53:32,059] multiqc                                            [DEBUG  ]  File ignored by longranger/invocation because it exceeded search pattern filesize limit: ENCFF248PXW_fastqc.html
[2022-05-19 13:53:32,059] multiqc                                            [DEBUG  ]  File ignored by rockhopper because it exceeded search pattern filesize limit: ENCFF248PXW_fastqc.html
[2022-05-19 13:53:32,059] multiqc                                            [DEBUG  ]  File ignored by rseqc/bam_stat because it exceeded search pattern filesize limit: ENCFF248PXW_fastqc.html
[2022-05-19 13:53:32,059] multiqc                                            [DEBUG  ]  File ignored by rseqc/junction_annotation because it exceeded search pattern filesize limit: ENCFF248PXW_fastqc.html
[2022-05-19 13:53:32,059] multiqc                                            [DEBUG  ]  File ignored by rseqc/read_distribution because it exceeded search pattern filesize limit: ENCFF248PXW_fastqc.html
[2022-05-19 13:53:32,059] multiqc                                            [DEBUG  ]  File ignored by rseqc/infer_experiment because it exceeded search pattern filesize limit: ENCFF248PXW_fastqc.html
[2022-05-19 13:53:32,086] multiqc                                            [DEBUG  ]  File ignored by nanostat because it exceeded search pattern filesize limit: ENCFF248PXW_fastqc.html
[2022-05-19 13:53:32,090] multiqc                                            [DEBUG  ]  File ignored by ccs/v4 because it exceeded search pattern filesize limit: ENCFF419LDW_fastqc.html
[2022-05-19 13:53:32,090] multiqc                                            [DEBUG  ]  File ignored by hicexplorer because it exceeded search pattern filesize limit: ENCFF419LDW_fastqc.html
[2022-05-19 13:53:32,090] multiqc                                            [DEBUG  ]  File ignored by lima/summary because it exceeded search pattern filesize limit: ENCFF419LDW_fastqc.html
[2022-05-19 13:53:32,091] multiqc                                            [DEBUG  ]  File ignored by vep/vep_txt because it exceeded search pattern filesize limit: ENCFF419LDW_fastqc.html
[2022-05-19 13:53:32,091] multiqc                                            [DEBUG  ]  File ignored by longranger/invocation because it exceeded search pattern filesize limit: ENCFF419LDW_fastqc.html
[2022-05-19 13:53:32,092] multiqc                                            [DEBUG  ]  File ignored by rockhopper because it exceeded search pattern filesize limit: ENCFF419LDW_fastqc.html
[2022-05-19 13:53:32,092] multiqc                                            [DEBUG  ]  File ignored by rseqc/bam_stat because it exceeded search pattern filesize limit: ENCFF419LDW_fastqc.html
[2022-05-19 13:53:32,092] multiqc                                            [DEBUG  ]  File ignored by rseqc/junction_annotation because it exceeded search pattern filesize limit: ENCFF419LDW_fastqc.html
[2022-05-19 13:53:32,092] multiqc                                            [DEBUG  ]  File ignored by rseqc/read_distribution because it exceeded search pattern filesize limit: ENCFF419LDW_fastqc.html
[2022-05-19 13:53:32,092] multiqc                                            [DEBUG  ]  File ignored by rseqc/infer_experiment because it exceeded search pattern filesize limit: ENCFF419LDW_fastqc.html
[2022-05-19 13:53:32,118] multiqc                                            [DEBUG  ]  File ignored by nanostat because it exceeded search pattern filesize limit: ENCFF419LDW_fastqc.html
[2022-05-19 13:53:32,122] multiqc                                            [DEBUG  ]  File ignored by ccs/v4 because it exceeded search pattern filesize limit: ENCFF199UBT_fastqc.html
[2022-05-19 13:53:32,123] multiqc                                            [DEBUG  ]  File ignored by hicexplorer because it exceeded search pattern filesize limit: ENCFF199UBT_fastqc.html
[2022-05-19 13:53:32,123] multiqc                                            [DEBUG  ]  File ignored by lima/summary because it exceeded search pattern filesize limit: ENCFF199UBT_fastqc.html
[2022-05-19 13:53:32,124] multiqc                                            [DEBUG  ]  File ignored by vep/vep_txt because it exceeded search pattern filesize limit: ENCFF199UBT_fastqc.html
[2022-05-19 13:53:32,124] multiqc                                            [DEBUG  ]  File ignored by longranger/invocation because it exceeded search pattern filesize limit: ENCFF199UBT_fastqc.html
[2022-05-19 13:53:32,124] multiqc                                            [DEBUG  ]  File ignored by rockhopper because it exceeded search pattern filesize limit: ENCFF199UBT_fastqc.html
[2022-05-19 13:53:32,124] multiqc                                            [DEBUG  ]  File ignored by rseqc/bam_stat because it exceeded search pattern filesize limit: ENCFF199UBT_fastqc.html
[2022-05-19 13:53:32,124] multiqc                                            [DEBUG  ]  File ignored by rseqc/junction_annotation because it exceeded search pattern filesize limit: ENCFF199UBT_fastqc.html
[2022-05-19 13:53:32,124] multiqc                                            [DEBUG  ]  File ignored by rseqc/read_distribution because it exceeded search pattern filesize limit: ENCFF199UBT_fastqc.html
[2022-05-19 13:53:32,124] multiqc                                            [DEBUG  ]  File ignored by rseqc/infer_experiment because it exceeded search pattern filesize limit: ENCFF199UBT_fastqc.html
[2022-05-19 13:53:32,153] multiqc                                            [DEBUG  ]  File ignored by nanostat because it exceeded search pattern filesize limit: ENCFF199UBT_fastqc.html
[2022-05-19 13:53:32,157] multiqc                                            [DEBUG  ]  File ignored by ccs/v4 because it exceeded search pattern filesize limit: ENCFF633MTW_fastqc.html
[2022-05-19 13:53:32,158] multiqc                                            [DEBUG  ]  File ignored by hicexplorer because it exceeded search pattern filesize limit: ENCFF633MTW_fastqc.html
[2022-05-19 13:53:32,158] multiqc                                            [DEBUG  ]  File ignored by lima/summary because it exceeded search pattern filesize limit: ENCFF633MTW_fastqc.html
[2022-05-19 13:53:32,159] multiqc                                            [DEBUG  ]  File ignored by vep/vep_txt because it exceeded search pattern filesize limit: ENCFF633MTW_fastqc.html
[2022-05-19 13:53:32,159] multiqc                                            [DEBUG  ]  File ignored by longranger/invocation because it exceeded search pattern filesize limit: ENCFF633MTW_fastqc.html
[2022-05-19 13:53:32,159] multiqc                                            [DEBUG  ]  File ignored by rockhopper because it exceeded search pattern filesize limit: ENCFF633MTW_fastqc.html
[2022-05-19 13:53:32,159] multiqc                                            [DEBUG  ]  File ignored by rseqc/bam_stat because it exceeded search pattern filesize limit: ENCFF633MTW_fastqc.html
[2022-05-19 13:53:32,159] multiqc                                            [DEBUG  ]  File ignored by rseqc/junction_annotation because it exceeded search pattern filesize limit: ENCFF633MTW_fastqc.html
[2022-05-19 13:53:32,159] multiqc                                            [DEBUG  ]  File ignored by rseqc/read_distribution because it exceeded search pattern filesize limit: ENCFF633MTW_fastqc.html
[2022-05-19 13:53:32,159] multiqc                                            [DEBUG  ]  File ignored by rseqc/infer_experiment because it exceeded search pattern filesize limit: ENCFF633MTW_fastqc.html
[2022-05-19 13:53:32,185] multiqc                                            [DEBUG  ]  File ignored by nanostat because it exceeded search pattern filesize limit: ENCFF633MTW_fastqc.html
[2022-05-19 13:53:32,189] multiqc                                            [DEBUG  ]  File ignored by ccs/v4 because it exceeded search pattern filesize limit: ENCFF721LGJ_fastqc.html
[2022-05-19 13:53:32,190] multiqc                                            [DEBUG  ]  File ignored by hicexplorer because it exceeded search pattern filesize limit: ENCFF721LGJ_fastqc.html
[2022-05-19 13:53:32,190] multiqc                                            [DEBUG  ]  File ignored by lima/summary because it exceeded search pattern filesize limit: ENCFF721LGJ_fastqc.html
[2022-05-19 13:53:32,191] multiqc                                            [DEBUG  ]  File ignored by vep/vep_txt because it exceeded search pattern filesize limit: ENCFF721LGJ_fastqc.html
[2022-05-19 13:53:32,191] multiqc                                            [DEBUG  ]  File ignored by longranger/invocation because it exceeded search pattern filesize limit: ENCFF721LGJ_fastqc.html
[2022-05-19 13:53:32,191] multiqc                                            [DEBUG  ]  File ignored by rockhopper because it exceeded search pattern filesize limit: ENCFF721LGJ_fastqc.html
[2022-05-19 13:53:32,191] multiqc                                            [DEBUG  ]  File ignored by rseqc/bam_stat because it exceeded search pattern filesize limit: ENCFF721LGJ_fastqc.html
[2022-05-19 13:53:32,191] multiqc                                            [DEBUG  ]  File ignored by rseqc/junction_annotation because it exceeded search pattern filesize limit: ENCFF721LGJ_fastqc.html
[2022-05-19 13:53:32,191] multiqc                                            [DEBUG  ]  File ignored by rseqc/read_distribution because it exceeded search pattern filesize limit: ENCFF721LGJ_fastqc.html
[2022-05-19 13:53:32,191] multiqc                                            [DEBUG  ]  File ignored by rseqc/infer_experiment because it exceeded search pattern filesize limit: ENCFF721LGJ_fastqc.html
[2022-05-19 13:53:32,218] multiqc                                            [DEBUG  ]  File ignored by nanostat because it exceeded search pattern filesize limit: ENCFF721LGJ_fastqc.html
[2022-05-19 13:53:32,746] multiqc.plots.linegraph                            [DEBUG  ]  Using matplotlib version 3.5.1
[2022-05-19 13:53:32,747] multiqc.plots.bargraph                             [DEBUG  ]  Using matplotlib version 3.5.1
[2022-05-19 13:53:32,962] multiqc.modules.fastqc.fastqc                      [INFO   ]  Found 12 reports
[2022-05-19 13:53:33,057] multiqc                                            [INFO   ]  Compressing plot data
[2022-05-19 13:53:33,200] multiqc                                            [WARNING]  Deleting    : output/qc/atac/multiqc_report.html   (-f was specified)
[2022-05-19 13:53:33,200] multiqc                                            [WARNING]  Deleting    : output/qc/atac/multiqc_data   (-f was specified)
[2022-05-19 13:53:33,201] multiqc                                            [INFO   ]  Report      : output/qc/atac/multiqc_report.html
[2022-05-19 13:53:33,201] multiqc                                            [INFO   ]  Data        : output/qc/atac/multiqc_data
[2022-05-19 13:53:33,201] multiqc                                            [DEBUG  ]  Moving data file from '/tmp/tmpan2vlp9y/multiqc_data' to 'output/qc/atac/multiqc_data'
[2022-05-19 13:53:33,273] multiqc                                            [INFO   ]  MultiQC complete
